source /etc/profile.d/modules.sh
Activating txgnn_env2 ...
Starting training script ...
[2023-11-28 11:55:47] Importing libraries ...
[2023-11-28 11:55:47] Loading data ...
Found local copy...
Found local copy...
Found local copy...
Found saved processed KG... Loading...
Splits detected... Loading splits....
Creating DGL graph....
Done!
[2023-11-28 11:56:16] Loaded data!
[2023-11-28 11:56:16] Initializing model ...
[2023-11-28 11:56:26] Starting to finetune ...
Epoch: 0 LR: 0.00050 Loss 0.7440, Train Micro AUROC 0.5222 Train Micro AUPRC 0.4957 Train Macro AUROC 0.5136 Train Macro AUPRC 0.4994
----- AUROC Performance in Each Relation -----
('gene/protein', 'molfunc_protein', 'molecular_function'): 0.5005349228057658
('molecular_function', 'rev_molfunc_protein', 'gene/protein'): 0.5267368130728027
----- AUPRC Performance in Each Relation -----
('gene/protein', 'molfunc_protein', 'molecular_function'): 0.47328144083081825
('molecular_function', 'rev_molfunc_protein', 'gene/protein'): 0.5255207970045979
----------------------------------------------
Validation.....
Epoch: 0 LR: 0.00050 Validation Loss 0.7168,  Validation Micro AUROC 0.5165 Validation Micro AUPRC 0.5118 Validation Macro AUROC 0.5233 Validation Macro AUPRC 0.5116 (Best Macro AUROC 0.5233)
----- AUROC Performance in Each Relation -----
('gene/protein', 'molfunc_protein', 'molecular_function'): 0.5011658591169131
('molecular_function', 'rev_molfunc_protein', 'gene/protein'): 0.5453993190682238
----- AUPRC Performance in Each Relation -----
('gene/protein', 'molfunc_protein', 'molecular_function'): 0.4884899347658337
('molecular_function', 'rev_molfunc_protein', 'gene/protein'): 0.53475524507863
----------------------------------------------
Epoch: 5 LR: 0.00050 Loss 0.6240, Train Micro AUROC 0.7256 Train Micro AUPRC 0.7047 Train Macro AUROC 0.7238 Train Macro AUPRC 0.6999
----- AUROC Performance in Each Relation -----
('gene/protein', 'molfunc_protein', 'molecular_function'): 0.7808087185966196
('molecular_function', 'rev_molfunc_protein', 'gene/protein'): 0.6667558842805599
----- AUPRC Performance in Each Relation -----
('gene/protein', 'molfunc_protein', 'molecular_function'): 0.7446705389948743
('molecular_function', 'rev_molfunc_protein', 'gene/protein'): 0.6551377679527439
----------------------------------------------
Epoch: 10 LR: 0.00050 Loss 0.5623, Train Micro AUROC 0.7901 Train Micro AUPRC 0.7834 Train Macro AUROC 0.7860 Train Macro AUPRC 0.7775
----- AUROC Performance in Each Relation -----
('gene/protein', 'molfunc_protein', 'molecular_function'): 0.8454713291710212
('molecular_function', 'rev_molfunc_protein', 'gene/protein'): 0.7265154901262367
----- AUPRC Performance in Each Relation -----
('gene/protein', 'molfunc_protein', 'molecular_function'): 0.8320065009380508
('molecular_function', 'rev_molfunc_protein', 'gene/protein'): 0.722939941516502
----------------------------------------------
Validation.....
Epoch: 10 LR: 0.00050 Validation Loss 0.6051,  Validation Micro AUROC 0.7315 Validation Micro AUPRC 0.7392 Validation Macro AUROC 0.7260 Validation Macro AUPRC 0.7275 (Best Macro AUROC 0.7260)
----- AUROC Performance in Each Relation -----
('gene/protein', 'molfunc_protein', 'molecular_function'): 0.7853500618652199
('molecular_function', 'rev_molfunc_protein', 'gene/protein'): 0.666709339247886
----- AUPRC Performance in Each Relation -----
('gene/protein', 'molfunc_protein', 'molecular_function'): 0.7933354501358255
('molecular_function', 'rev_molfunc_protein', 'gene/protein'): 0.6616017016404503
----------------------------------------------
Epoch: 15 LR: 0.00050 Loss 0.5145, Train Micro AUROC 0.8296 Train Micro AUPRC 0.8264 Train Macro AUROC 0.8214 Train Macro AUPRC 0.8167
----- AUROC Performance in Each Relation -----
('gene/protein', 'molfunc_protein', 'molecular_function'): 0.8845434533556629
('molecular_function', 'rev_molfunc_protein', 'gene/protein'): 0.7582005422660927
----- AUPRC Performance in Each Relation -----
('gene/protein', 'molfunc_protein', 'molecular_function'): 0.8777897441043319
('molecular_function', 'rev_molfunc_protein', 'gene/protein'): 0.7555769758346842
----------------------------------------------
Epoch: 20 LR: 0.00050 Loss 0.4766, Train Micro AUROC 0.8540 Train Micro AUPRC 0.8524 Train Macro AUROC 0.8449 Train Macro AUPRC 0.8393
----- AUROC Performance in Each Relation -----
('gene/protein', 'molfunc_protein', 'molecular_function'): 0.910603742376894
('molecular_function', 'rev_molfunc_protein', 'gene/protein'): 0.7792948252330962
----- AUPRC Performance in Each Relation -----
('gene/protein', 'molfunc_protein', 'molecular_function'): 0.9075134001174343
('molecular_function', 'rev_molfunc_protein', 'gene/protein'): 0.7710155599862248
----------------------------------------------
Validation.....
Epoch: 20 LR: 0.00050 Validation Loss 0.5565,  Validation Micro AUROC 0.7817 Validation Micro AUPRC 0.7949 Validation Macro AUROC 0.7783 Validation Macro AUPRC 0.7814 (Best Macro AUROC 0.7783)
----- AUROC Performance in Each Relation -----
('gene/protein', 'molfunc_protein', 'molecular_function'): 0.843722874792149
('molecular_function', 'rev_molfunc_protein', 'gene/protein'): 0.7128131519281227
----- AUPRC Performance in Each Relation -----
('gene/protein', 'molfunc_protein', 'molecular_function'): 0.8600716467610855
('molecular_function', 'rev_molfunc_protein', 'gene/protein'): 0.7027429842423668
----------------------------------------------
Epoch: 25 LR: 0.00050 Loss 0.4435, Train Micro AUROC 0.8749 Train Micro AUPRC 0.8751 Train Macro AUROC 0.8654 Train Macro AUPRC 0.8624
----- AUROC Performance in Each Relation -----
('gene/protein', 'molfunc_protein', 'molecular_function'): 0.9294385534552363
('molecular_function', 'rev_molfunc_protein', 'gene/protein'): 0.8013033594225756
----- AUPRC Performance in Each Relation -----
('gene/protein', 'molfunc_protein', 'molecular_function'): 0.9286944474719118
('molecular_function', 'rev_molfunc_protein', 'gene/protein'): 0.7961004602986989
----------------------------------------------
Epoch: 30 LR: 0.00050 Loss 0.4155, Train Micro AUROC 0.8923 Train Micro AUPRC 0.8910 Train Macro AUROC 0.8816 Train Macro AUPRC 0.8772
----- AUROC Performance in Each Relation -----
('gene/protein', 'molfunc_protein', 'molecular_function'): 0.944557105669003
('molecular_function', 'rev_molfunc_protein', 'gene/protein'): 0.8186618726336707
----- AUPRC Performance in Each Relation -----
('gene/protein', 'molfunc_protein', 'molecular_function'): 0.942821627446215
('molecular_function', 'rev_molfunc_protein', 'gene/protein'): 0.8116042434527313
----------------------------------------------
Validation.....
Epoch: 30 LR: 0.00050 Validation Loss 0.5178,  Validation Micro AUROC 0.8175 Validation Micro AUPRC 0.8296 Validation Macro AUROC 0.8134 Validation Macro AUPRC 0.8165 (Best Macro AUROC 0.8134)
----- AUROC Performance in Each Relation -----
('gene/protein', 'molfunc_protein', 'molecular_function'): 0.878839038060476
('molecular_function', 'rev_molfunc_protein', 'gene/protein'): 0.7480093849561462
----- AUPRC Performance in Each Relation -----
('gene/protein', 'molfunc_protein', 'molecular_function'): 0.8939657097238948
('molecular_function', 'rev_molfunc_protein', 'gene/protein'): 0.7391332958908154
----------------------------------------------
Epoch: 35 LR: 0.00050 Loss 0.3913, Train Micro AUROC 0.9048 Train Micro AUPRC 0.9029 Train Macro AUROC 0.8943 Train Macro AUPRC 0.8890
----- AUROC Performance in Each Relation -----
('gene/protein', 'molfunc_protein', 'molecular_function'): 0.9546942547009981
('molecular_function', 'rev_molfunc_protein', 'gene/protein'): 0.8338943354217727
----- AUPRC Performance in Each Relation -----
('gene/protein', 'molfunc_protein', 'molecular_function'): 0.9527556871931336
('molecular_function', 'rev_molfunc_protein', 'gene/protein'): 0.8252908519619027
----------------------------------------------
Epoch: 40 LR: 0.00050 Loss 0.3683, Train Micro AUROC 0.9158 Train Micro AUPRC 0.9135 Train Macro AUROC 0.9051 Train Macro AUPRC 0.8999
----- AUROC Performance in Each Relation -----
('gene/protein', 'molfunc_protein', 'molecular_function'): 0.9624067912601466
('molecular_function', 'rev_molfunc_protein', 'gene/protein'): 0.8477014001617149
----- AUPRC Performance in Each Relation -----
('gene/protein', 'molfunc_protein', 'molecular_function'): 0.9602891580474774
('molecular_function', 'rev_molfunc_protein', 'gene/protein'): 0.8395238234872167
----------------------------------------------
Validation.....
Epoch: 40 LR: 0.00050 Validation Loss 0.4882,  Validation Micro AUROC 0.8430 Validation Micro AUPRC 0.8522 Validation Macro AUROC 0.8350 Validation Macro AUPRC 0.8360 (Best Macro AUROC 0.8350)
----- AUROC Performance in Each Relation -----
('gene/protein', 'molfunc_protein', 'molecular_function'): 0.9001128207702158
('molecular_function', 'rev_molfunc_protein', 'gene/protein'): 0.7698921319969131
----- AUPRC Performance in Each Relation -----
('gene/protein', 'molfunc_protein', 'molecular_function'): 0.9122271337699188
('molecular_function', 'rev_molfunc_protein', 'gene/protein'): 0.7598465883337799
----------------------------------------------
Epoch: 45 LR: 0.00050 Loss 0.3501, Train Micro AUROC 0.9248 Train Micro AUPRC 0.9216 Train Macro AUROC 0.9140 Train Macro AUPRC 0.9080
----- AUROC Performance in Each Relation -----
('gene/protein', 'molfunc_protein', 'molecular_function'): 0.967825445592756
('molecular_function', 'rev_molfunc_protein', 'gene/protein'): 0.8602741286099708
----- AUPRC Performance in Each Relation -----
('gene/protein', 'molfunc_protein', 'molecular_function'): 0.9648513559283561
('molecular_function', 'rev_molfunc_protein', 'gene/protein'): 0.8510774612445017
----------------------------------------------
Epoch: 50 LR: 0.00050 Loss 0.3316, Train Micro AUROC 0.9330 Train Micro AUPRC 0.9295 Train Macro AUROC 0.9225 Train Macro AUPRC 0.9163
----- AUROC Performance in Each Relation -----
('gene/protein', 'molfunc_protein', 'molecular_function'): 0.9726798182812889
('molecular_function', 'rev_molfunc_protein', 'gene/protein'): 0.8722476452428556
----- AUPRC Performance in Each Relation -----
('gene/protein', 'molfunc_protein', 'molecular_function'): 0.9698454558620114
('molecular_function', 'rev_molfunc_protein', 'gene/protein'): 0.8627108633431276
----------------------------------------------
Validation.....
Epoch: 50 LR: 0.00050 Validation Loss 0.4724,  Validation Micro AUROC 0.8583 Validation Micro AUPRC 0.8659 Validation Macro AUROC 0.8492 Validation Macro AUPRC 0.8497 (Best Macro AUROC 0.8492)
----- AUROC Performance in Each Relation -----
('gene/protein', 'molfunc_protein', 'molecular_function'): 0.9128539231153416
('molecular_function', 'rev_molfunc_protein', 'gene/protein'): 0.7856136731046675
----- AUPRC Performance in Each Relation -----
('gene/protein', 'molfunc_protein', 'molecular_function'): 0.9226160286568792
('molecular_function', 'rev_molfunc_protein', 'gene/protein'): 0.7768801452818379
----------------------------------------------
Epoch: 55 LR: 0.00050 Loss 0.3165, Train Micro AUROC 0.9387 Train Micro AUPRC 0.9349 Train Macro AUROC 0.9276 Train Macro AUPRC 0.9211
----- AUROC Performance in Each Relation -----
('gene/protein', 'molfunc_protein', 'molecular_function'): 0.9770184294064224
('molecular_function', 'rev_molfunc_protein', 'gene/protein'): 0.8781100840429817
----- AUPRC Performance in Each Relation -----
('gene/protein', 'molfunc_protein', 'molecular_function'): 0.9744710691102171
('molecular_function', 'rev_molfunc_protein', 'gene/protein'): 0.8677618665861947
----------------------------------------------
Epoch: 60 LR: 0.00050 Loss 0.3033, Train Micro AUROC 0.9445 Train Micro AUPRC 0.9409 Train Macro AUROC 0.9336 Train Macro AUPRC 0.9278
----- AUROC Performance in Each Relation -----
('gene/protein', 'molfunc_protein', 'molecular_function'): 0.9799620080592716
('molecular_function', 'rev_molfunc_protein', 'gene/protein'): 0.887335377307154
----- AUPRC Performance in Each Relation -----
('gene/protein', 'molfunc_protein', 'molecular_function'): 0.9773505451931346
('molecular_function', 'rev_molfunc_protein', 'gene/protein'): 0.8781601938344554
----------------------------------------------
Validation.....
Epoch: 60 LR: 0.00050 Validation Loss 0.4625,  Validation Micro AUROC 0.8681 Validation Micro AUPRC 0.8747 Validation Macro AUROC 0.8583 Validation Macro AUPRC 0.8583 (Best Macro AUROC 0.8583)
----- AUROC Performance in Each Relation -----
('gene/protein', 'molfunc_protein', 'molecular_function'): 0.9217386449412772
('molecular_function', 'rev_molfunc_protein', 'gene/protein'): 0.794852665848505
----- AUPRC Performance in Each Relation -----
('gene/protein', 'molfunc_protein', 'molecular_function'): 0.9298889938869522
('molecular_function', 'rev_molfunc_protein', 'gene/protein'): 0.786664778148535
----------------------------------------------
Epoch: 65 LR: 0.00050 Loss 0.2898, Train Micro AUROC 0.9492 Train Micro AUPRC 0.9455 Train Macro AUROC 0.9388 Train Macro AUPRC 0.9329
----- AUROC Performance in Each Relation -----
('gene/protein', 'molfunc_protein', 'molecular_function'): 0.9821947606899026
('molecular_function', 'rev_molfunc_protein', 'gene/protein'): 0.8954578906015671
----- AUPRC Performance in Each Relation -----
('gene/protein', 'molfunc_protein', 'molecular_function'): 0.9796976841036268
('molecular_function', 'rev_molfunc_protein', 'gene/protein'): 0.8860962334502478
----------------------------------------------
Epoch: 70 LR: 0.00050 Loss 0.2779, Train Micro AUROC 0.9534 Train Micro AUPRC 0.9496 Train Macro AUROC 0.9431 Train Macro AUPRC 0.9372
----- AUROC Performance in Each Relation -----
('gene/protein', 'molfunc_protein', 'molecular_function'): 0.9846802364806124
('molecular_function', 'rev_molfunc_protein', 'gene/protein'): 0.9015355589965518
----- AUPRC Performance in Each Relation -----
('gene/protein', 'molfunc_protein', 'molecular_function'): 0.9822685926412484
('molecular_function', 'rev_molfunc_protein', 'gene/protein'): 0.8920588919853576
----------------------------------------------
Validation.....
Epoch: 70 LR: 0.00050 Validation Loss 0.4554,  Validation Micro AUROC 0.8739 Validation Micro AUPRC 0.8802 Validation Macro AUROC 0.8644 Validation Macro AUPRC 0.8643 (Best Macro AUROC 0.8644)
----- AUROC Performance in Each Relation -----
('gene/protein', 'molfunc_protein', 'molecular_function'): 0.9271496974048056
('molecular_function', 'rev_molfunc_protein', 'gene/protein'): 0.8017470916482226
----- AUPRC Performance in Each Relation -----
('gene/protein', 'molfunc_protein', 'molecular_function'): 0.9345124932773844
('molecular_function', 'rev_molfunc_protein', 'gene/protein'): 0.7941691169437552
----------------------------------------------
Epoch: 75 LR: 0.00050 Loss 0.2700, Train Micro AUROC 0.9565 Train Micro AUPRC 0.9526 Train Macro AUROC 0.9464 Train Macro AUPRC 0.9403
----- AUROC Performance in Each Relation -----
('gene/protein', 'molfunc_protein', 'molecular_function'): 0.9861310791247294
('molecular_function', 'rev_molfunc_protein', 'gene/protein'): 0.9066366280405151
----- AUPRC Performance in Each Relation -----
('gene/protein', 'molfunc_protein', 'molecular_function'): 0.9839287488383982
('molecular_function', 'rev_molfunc_protein', 'gene/protein'): 0.8966387665427311
----------------------------------------------
Epoch: 80 LR: 0.00050 Loss 0.2584, Train Micro AUROC 0.9594 Train Micro AUPRC 0.9557 Train Macro AUROC 0.9496 Train Macro AUPRC 0.9441
----- AUROC Performance in Each Relation -----
('gene/protein', 'molfunc_protein', 'molecular_function'): 0.9871132442706307
('molecular_function', 'rev_molfunc_protein', 'gene/protein'): 0.912050256767937
----- AUPRC Performance in Each Relation -----
('gene/protein', 'molfunc_protein', 'molecular_function'): 0.9848010639708592
('molecular_function', 'rev_molfunc_protein', 'gene/protein'): 0.903369006758082
----------------------------------------------
Validation.....
Epoch: 80 LR: 0.00050 Validation Loss 0.4531,  Validation Micro AUROC 0.8795 Validation Micro AUPRC 0.8851 Validation Macro AUROC 0.8693 Validation Macro AUPRC 0.8688 (Best Macro AUROC 0.8693)
----- AUROC Performance in Each Relation -----
('gene/protein', 'molfunc_protein', 'molecular_function'): 0.9321769606519542
('molecular_function', 'rev_molfunc_protein', 'gene/protein'): 0.8063685351277801
----- AUPRC Performance in Each Relation -----
('gene/protein', 'molfunc_protein', 'molecular_function'): 0.938537335834597
('molecular_function', 'rev_molfunc_protein', 'gene/protein'): 0.7990410753820901
----------------------------------------------
Epoch: 85 LR: 0.00050 Loss 0.2518, Train Micro AUROC 0.9620 Train Micro AUPRC 0.9580 Train Macro AUROC 0.9525 Train Macro AUPRC 0.9465
----- AUROC Performance in Each Relation -----
('gene/protein', 'molfunc_protein', 'molecular_function'): 0.9884550260733669
('molecular_function', 'rev_molfunc_protein', 'gene/protein'): 0.9165632123576636
----- AUPRC Performance in Each Relation -----
('gene/protein', 'molfunc_protein', 'molecular_function'): 0.9862484104741224
('molecular_function', 'rev_molfunc_protein', 'gene/protein'): 0.9067676245698718
----------------------------------------------
Epoch: 90 LR: 0.00050 Loss 0.2451, Train Micro AUROC 0.9635 Train Micro AUPRC 0.9590 Train Macro AUROC 0.9543 Train Macro AUPRC 0.9475
----- AUROC Performance in Each Relation -----
('gene/protein', 'molfunc_protein', 'molecular_function'): 0.9888839913220132
('molecular_function', 'rev_molfunc_protein', 'gene/protein'): 0.91965658056813
----- AUPRC Performance in Each Relation -----
('gene/protein', 'molfunc_protein', 'molecular_function'): 0.9862449369725667
('molecular_function', 'rev_molfunc_protein', 'gene/protein'): 0.9088492750796953
----------------------------------------------
Validation.....
Epoch: 90 LR: 0.00050 Validation Loss 0.4551,  Validation Micro AUROC 0.8813 Validation Micro AUPRC 0.8871 Validation Macro AUROC 0.8716 Validation Macro AUPRC 0.8714 (Best Macro AUROC 0.8716)
----- AUROC Performance in Each Relation -----
('gene/protein', 'molfunc_protein', 'molecular_function'): 0.9343207444965168
('molecular_function', 'rev_molfunc_protein', 'gene/protein'): 0.8089685728613326
----- AUPRC Performance in Each Relation -----
('gene/protein', 'molfunc_protein', 'molecular_function'): 0.940408861408057
('molecular_function', 'rev_molfunc_protein', 'gene/protein'): 0.8024436863061425
----------------------------------------------
Epoch: 95 LR: 0.00050 Loss 0.2365, Train Micro AUROC 0.9660 Train Micro AUPRC 0.9622 Train Macro AUROC 0.9567 Train Macro AUPRC 0.9508
----- AUROC Performance in Each Relation -----
('gene/protein', 'molfunc_protein', 'molecular_function'): 0.9902714163847295
('molecular_function', 'rev_molfunc_protein', 'gene/protein'): 0.9232015587372505
----- AUPRC Performance in Each Relation -----
('gene/protein', 'molfunc_protein', 'molecular_function'): 0.9883569632665539
('molecular_function', 'rev_molfunc_protein', 'gene/protein'): 0.9133342912489602
----------------------------------------------
Epoch: 100 LR: 0.00050 Loss 0.2283, Train Micro AUROC 0.9684 Train Micro AUPRC 0.9646 Train Macro AUROC 0.9596 Train Macro AUPRC 0.9537
----- AUROC Performance in Each Relation -----
('gene/protein', 'molfunc_protein', 'molecular_function'): 0.9911351966170094
('molecular_function', 'rev_molfunc_protein', 'gene/protein'): 0.9279874244761561
----- AUPRC Performance in Each Relation -----
('gene/protein', 'molfunc_protein', 'molecular_function'): 0.9892769201235836
('molecular_function', 'rev_molfunc_protein', 'gene/protein'): 0.9182070495774827
----------------------------------------------
Validation.....
Epoch: 100 LR: 0.00050 Validation Loss 0.4644,  Validation Micro AUROC 0.8823 Validation Micro AUPRC 0.8882 Validation Macro AUROC 0.8734 Validation Macro AUPRC 0.8735 (Best Macro AUROC 0.8734)
----- AUROC Performance in Each Relation -----
('gene/protein', 'molfunc_protein', 'molecular_function'): 0.9356136166348791
('molecular_function', 'rev_molfunc_protein', 'gene/protein'): 0.8111574665329598
----- AUPRC Performance in Each Relation -----
('gene/protein', 'molfunc_protein', 'molecular_function'): 0.9415427423298351
('molecular_function', 'rev_molfunc_protein', 'gene/protein'): 0.8055256903876374
----------------------------------------------
Epoch: 105 LR: 0.00050 Loss 0.2221, Train Micro AUROC 0.9702 Train Micro AUPRC 0.9665 Train Macro AUROC 0.9618 Train Macro AUPRC 0.9561
----- AUROC Performance in Each Relation -----
('gene/protein', 'molfunc_protein', 'molecular_function'): 0.991567127296022
('molecular_function', 'rev_molfunc_protein', 'gene/protein'): 0.9319896544354866
----- AUPRC Performance in Each Relation -----
('gene/protein', 'molfunc_protein', 'molecular_function'): 0.9896457170389271
('molecular_function', 'rev_molfunc_protein', 'gene/protein'): 0.9225289032146446
----------------------------------------------
Epoch: 110 LR: 0.00050 Loss 0.2170, Train Micro AUROC 0.9712 Train Micro AUPRC 0.9674 Train Macro AUROC 0.9628 Train Macro AUPRC 0.9570
----- AUROC Performance in Each Relation -----
('gene/protein', 'molfunc_protein', 'molecular_function'): 0.9919544638116342
('molecular_function', 'rev_molfunc_protein', 'gene/protein'): 0.933696911910112
----- AUPRC Performance in Each Relation -----
('gene/protein', 'molfunc_protein', 'molecular_function'): 0.9900192257725775
('molecular_function', 'rev_molfunc_protein', 'gene/protein'): 0.9240238463403512
----------------------------------------------
Validation.....
Epoch: 110 LR: 0.00050 Validation Loss 0.4610,  Validation Micro AUROC 0.8861 Validation Micro AUPRC 0.8907 Validation Macro AUROC 0.8752 Validation Macro AUPRC 0.8744 (Best Macro AUROC 0.8752)
----- AUROC Performance in Each Relation -----
('gene/protein', 'molfunc_protein', 'molecular_function'): 0.9380513147274133
('molecular_function', 'rev_molfunc_protein', 'gene/protein'): 0.8122504576216312
----- AUPRC Performance in Each Relation -----
('gene/protein', 'molfunc_protein', 'molecular_function'): 0.9433982160076906
('molecular_function', 'rev_molfunc_protein', 'gene/protein'): 0.8054959922221938
----------------------------------------------
Epoch: 115 LR: 0.00050 Loss 0.2250, Train Micro AUROC 0.9716 Train Micro AUPRC 0.9675 Train Macro AUROC 0.9635 Train Macro AUPRC 0.9575
----- AUROC Performance in Each Relation -----
('gene/protein', 'molfunc_protein', 'molecular_function'): 0.9920767967949491
('molecular_function', 'rev_molfunc_protein', 'gene/protein'): 0.9349822355828056
----- AUPRC Performance in Each Relation -----
('gene/protein', 'molfunc_protein', 'molecular_function'): 0.9898766387185106
('molecular_function', 'rev_molfunc_protein', 'gene/protein'): 0.9251122010292674
----------------------------------------------
Epoch: 120 LR: 0.00050 Loss 0.2075, Train Micro AUROC 0.9736 Train Micro AUPRC 0.9698 Train Macro AUROC 0.9655 Train Macro AUPRC 0.9598
----- AUROC Performance in Each Relation -----
('gene/protein', 'molfunc_protein', 'molecular_function'): 0.9927950857869863
('molecular_function', 'rev_molfunc_protein', 'gene/protein'): 0.9382596179377534
----- AUPRC Performance in Each Relation -----
('gene/protein', 'molfunc_protein', 'molecular_function'): 0.990777166911455
('molecular_function', 'rev_molfunc_protein', 'gene/protein'): 0.9288318944852043
----------------------------------------------
Validation.....
Epoch: 120 LR: 0.00050 Validation Loss 0.4642,  Validation Micro AUROC 0.8879 Validation Micro AUPRC 0.8920 Validation Macro AUROC 0.8765 Validation Macro AUPRC 0.8754 (Best Macro AUROC 0.8765)
----- AUROC Performance in Each Relation -----
('gene/protein', 'molfunc_protein', 'molecular_function'): 0.9397911269065502
('molecular_function', 'rev_molfunc_protein', 'gene/protein'): 0.8131332050877548
----- AUPRC Performance in Each Relation -----
('gene/protein', 'molfunc_protein', 'molecular_function'): 0.9447264131784464
('molecular_function', 'rev_molfunc_protein', 'gene/protein'): 0.8060420893492344
----------------------------------------------
Epoch: 125 LR: 0.00050 Loss 0.2029, Train Micro AUROC 0.9748 Train Micro AUPRC 0.9707 Train Macro AUROC 0.9674 Train Macro AUPRC 0.9612
----- AUROC Performance in Each Relation -----
('gene/protein', 'molfunc_protein', 'molecular_function'): 0.9929692081286909
('molecular_function', 'rev_molfunc_protein', 'gene/protein'): 0.9417606147272368
----- AUPRC Performance in Each Relation -----
('gene/protein', 'molfunc_protein', 'molecular_function'): 0.9908648940981135
('molecular_function', 'rev_molfunc_protein', 'gene/protein'): 0.9314661514523919
----------------------------------------------
Epoch: 130 LR: 0.00050 Loss 0.2001, Train Micro AUROC 0.9756 Train Micro AUPRC 0.9718 Train Macro AUROC 0.9681 Train Macro AUPRC 0.9624
----- AUROC Performance in Each Relation -----
('gene/protein', 'molfunc_protein', 'molecular_function'): 0.9933689052441955
('molecular_function', 'rev_molfunc_protein', 'gene/protein'): 0.9429307214316807
----- AUPRC Performance in Each Relation -----
('gene/protein', 'molfunc_protein', 'molecular_function'): 0.9915618128377233
('molecular_function', 'rev_molfunc_protein', 'gene/protein'): 0.9333380241825799
----------------------------------------------
Validation.....
Epoch: 130 LR: 0.00050 Validation Loss 0.4809,  Validation Micro AUROC 0.8861 Validation Micro AUPRC 0.8910 Validation Macro AUROC 0.8758 Validation Macro AUPRC 0.8756 (Best Macro AUROC 0.8765)
----- AUROC Performance in Each Relation -----
('gene/protein', 'molfunc_protein', 'molecular_function'): 0.9385849028915451
('molecular_function', 'rev_molfunc_protein', 'gene/protein'): 0.8131005259478751
----- AUPRC Performance in Each Relation -----
('gene/protein', 'molfunc_protein', 'molecular_function'): 0.943896247354971
('molecular_function', 'rev_molfunc_protein', 'gene/protein'): 0.8072872081163407
----------------------------------------------
Epoch: 135 LR: 0.00050 Loss 0.1938, Train Micro AUROC 0.9768 Train Micro AUPRC 0.9731 Train Macro AUROC 0.9695 Train Macro AUPRC 0.9639
----- AUROC Performance in Each Relation -----
('gene/protein', 'molfunc_protein', 'molecular_function'): 0.9939429849923099
('molecular_function', 'rev_molfunc_protein', 'gene/protein'): 0.9450144664251583
----- AUPRC Performance in Each Relation -----
('gene/protein', 'molfunc_protein', 'molecular_function'): 0.9922302471626797
('molecular_function', 'rev_molfunc_protein', 'gene/protein'): 0.9356423673745288
----------------------------------------------
Epoch: 140 LR: 0.00050 Loss 0.1913, Train Micro AUROC 0.9772 Train Micro AUPRC 0.9736 Train Macro AUROC 0.9701 Train Macro AUPRC 0.9645
----- AUROC Performance in Each Relation -----
('gene/protein', 'molfunc_protein', 'molecular_function'): 0.9938984397737777
('molecular_function', 'rev_molfunc_protein', 'gene/protein'): 0.9462391947044968
----- AUPRC Performance in Each Relation -----
('gene/protein', 'molfunc_protein', 'molecular_function'): 0.9920977027920356
('molecular_function', 'rev_molfunc_protein', 'gene/protein'): 0.936881879838176
----------------------------------------------
Validation.....
Epoch: 140 LR: 0.00050 Validation Loss 0.4895,  Validation Micro AUROC 0.8865 Validation Micro AUPRC 0.8912 Validation Macro AUROC 0.8759 Validation Macro AUPRC 0.8756 (Best Macro AUROC 0.8765)
----- AUROC Performance in Each Relation -----
('gene/protein', 'molfunc_protein', 'molecular_function'): 0.9391786717158773
('molecular_function', 'rev_molfunc_protein', 'gene/protein'): 0.8126090407779196
----- AUPRC Performance in Each Relation -----
('gene/protein', 'molfunc_protein', 'molecular_function'): 0.9441665075818862
('molecular_function', 'rev_molfunc_protein', 'gene/protein'): 0.8071101318723959
----------------------------------------------
Epoch: 145 LR: 0.00050 Loss 0.1871, Train Micro AUROC 0.9778 Train Micro AUPRC 0.9739 Train Macro AUROC 0.9708 Train Macro AUPRC 0.9648
----- AUROC Performance in Each Relation -----
('gene/protein', 'molfunc_protein', 'molecular_function'): 0.9940034244206721
('molecular_function', 'rev_molfunc_protein', 'gene/protein'): 0.9475821692951689
----- AUPRC Performance in Each Relation -----
('gene/protein', 'molfunc_protein', 'molecular_function'): 0.9921300686958093
('molecular_function', 'rev_molfunc_protein', 'gene/protein'): 0.9375073285229982
----------------------------------------------
Testing...
Testing Loss 0.4810 Testing Micro AUROC 0.8810 Testing Micro AUPRC 0.8843 Testing Macro AUROC 0.8724 Testing Macro AUPRC 0.8715
----- AUROC Performance in Each Relation -----
('gene/protein', 'molfunc_protein', 'molecular_function'): 0.9281380890962325
('molecular_function', 'rev_molfunc_protein', 'gene/protein'): 0.816711063932062
----- AUPRC Performance in Each Relation -----
('gene/protein', 'molfunc_protein', 'molecular_function'): 0.933152909347624
('molecular_function', 'rev_molfunc_protein', 'gene/protein'): 0.8098154154838383
----------------------------------------------
[2023-11-28 11:58:45] Finetune done! 
