source /etc/profile.d/modules.sh
Activating txgnn_env2 ...
Starting training script ...
[2023-12-05 11:03:00] Loading data ...
Found local copy...
Found local copy...
Found local copy...
Found saved processed KG... Loading...
Splits detected... Loading splits....
Creating DGL graph....
Done!
[2023-12-05 11:03:31] Loaded data!
[2023-12-05 11:03:31] Initializing model ...
[2023-12-05 11:03:58] Starting to finetune ...
Epoch: 0 LR: 0.00050 Loss 0.7310, Train Micro AUROC 0.4706 Train Micro AUPRC 0.4635 Train Macro AUROC 0.4648 Train Macro AUPRC 0.4682
----- AUROC Performance in Each Relation -----
('gene/protein', 'molfunc_protein', 'molecular_function'): 0.43620422669148434
('molecular_function', 'rev_molfunc_protein', 'gene/protein'): 0.4934049280685127
----- AUPRC Performance in Each Relation -----
('gene/protein', 'molfunc_protein', 'molecular_function'): 0.43745360834125047
('molecular_function', 'rev_molfunc_protein', 'gene/protein'): 0.4989939261743802
----------------------------------------------
Validation.....
Epoch: 0 LR: 0.00050 Validation Loss 0.6908,  Validation Micro AUROC 0.5701 Validation Micro AUPRC 0.5511 Validation Macro AUROC 0.5709 Validation Macro AUPRC 0.5480 (Best Macro AUROC 0.5709)
----- AUROC Performance in Each Relation -----
('gene/protein', 'molfunc_protein', 'molecular_function'): 0.6085785690347344
('molecular_function', 'rev_molfunc_protein', 'gene/protein'): 0.5332747494725172
----- AUPRC Performance in Each Relation -----
('gene/protein', 'molfunc_protein', 'molecular_function'): 0.5714457729235787
('molecular_function', 'rev_molfunc_protein', 'gene/protein'): 0.5246060494635119
----------------------------------------------
Epoch: 5 LR: 0.00050 Loss 0.5662, Train Micro AUROC 0.8270 Train Micro AUPRC 0.8336 Train Macro AUROC 0.8155 Train Macro AUPRC 0.8171
----- AUROC Performance in Each Relation -----
('gene/protein', 'molfunc_protein', 'molecular_function'): 0.8821284511403418
('molecular_function', 'rev_molfunc_protein', 'gene/protein'): 0.7487894560781908
----- AUPRC Performance in Each Relation -----
('gene/protein', 'molfunc_protein', 'molecular_function'): 0.8926889032766857
('molecular_function', 'rev_molfunc_protein', 'gene/protein'): 0.7414229684386692
----------------------------------------------
Epoch: 10 LR: 0.00050 Loss 0.4562, Train Micro AUROC 0.8957 Train Micro AUPRC 0.9009 Train Macro AUROC 0.8934 Train Macro AUPRC 0.8951
----- AUROC Performance in Each Relation -----
('gene/protein', 'molfunc_protein', 'molecular_function'): 0.9295305951032093
('molecular_function', 'rev_molfunc_protein', 'gene/protein'): 0.8572776326215845
----- AUPRC Performance in Each Relation -----
('gene/protein', 'molfunc_protein', 'molecular_function'): 0.9366450873822793
('molecular_function', 'rev_molfunc_protein', 'gene/protein'): 0.8534971377610513
----------------------------------------------
Validation.....
Epoch: 10 LR: 0.00050 Validation Loss 0.5248,  Validation Micro AUROC 0.8210 Validation Micro AUPRC 0.8326 Validation Macro AUROC 0.8193 Validation Macro AUPRC 0.8242 (Best Macro AUROC 0.8193)
----- AUROC Performance in Each Relation -----
('gene/protein', 'molfunc_protein', 'molecular_function'): 0.8768134887520762
('molecular_function', 'rev_molfunc_protein', 'gene/protein'): 0.7617509339406294
----- AUPRC Performance in Each Relation -----
('gene/protein', 'molfunc_protein', 'molecular_function'): 0.8937554738403342
('molecular_function', 'rev_molfunc_protein', 'gene/protein'): 0.7546286871256257
----------------------------------------------
Epoch: 15 LR: 0.00050 Loss 0.3818, Train Micro AUROC 0.9221 Train Micro AUPRC 0.9228 Train Macro AUROC 0.9215 Train Macro AUPRC 0.9186
----- AUROC Performance in Each Relation -----
('gene/protein', 'molfunc_protein', 'molecular_function'): 0.9497420235587734
('molecular_function', 'rev_molfunc_protein', 'gene/protein'): 0.8931835854242565
----- AUPRC Performance in Each Relation -----
('gene/protein', 'molfunc_protein', 'molecular_function'): 0.9529512976354154
('molecular_function', 'rev_molfunc_protein', 'gene/protein'): 0.884285377517833
----------------------------------------------
Epoch: 20 LR: 0.00050 Loss 0.3220, Train Micro AUROC 0.9434 Train Micro AUPRC 0.9415 Train Macro AUROC 0.9404 Train Macro AUPRC 0.9354
----- AUROC Performance in Each Relation -----
('gene/protein', 'molfunc_protein', 'molecular_function'): 0.9688834945929687
('molecular_function', 'rev_molfunc_protein', 'gene/protein'): 0.9119041205630543
----- AUPRC Performance in Each Relation -----
('gene/protein', 'molfunc_protein', 'molecular_function'): 0.9686156280311609
('molecular_function', 'rev_molfunc_protein', 'gene/protein'): 0.9021229435138495
----------------------------------------------
Validation.....
Epoch: 20 LR: 0.00050 Validation Loss 0.4443,  Validation Micro AUROC 0.8729 Validation Micro AUPRC 0.8783 Validation Macro AUROC 0.8673 Validation Macro AUPRC 0.8669 (Best Macro AUROC 0.8673)
----- AUROC Performance in Each Relation -----
('gene/protein', 'molfunc_protein', 'molecular_function'): 0.9206492987207657
('molecular_function', 'rev_molfunc_protein', 'gene/protein'): 0.8139474334327168
----- AUPRC Performance in Each Relation -----
('gene/protein', 'molfunc_protein', 'molecular_function'): 0.928935969881635
('molecular_function', 'rev_molfunc_protein', 'gene/protein'): 0.8049204301203003
----------------------------------------------
Epoch: 25 LR: 0.00050 Loss 0.2737, Train Micro AUROC 0.9591 Train Micro AUPRC 0.9555 Train Macro AUROC 0.9537 Train Macro AUPRC 0.9475
----- AUROC Performance in Each Relation -----
('gene/protein', 'molfunc_protein', 'molecular_function'): 0.9820177919122363
('molecular_function', 'rev_molfunc_protein', 'gene/protein'): 0.9254026682860411
----- AUPRC Performance in Each Relation -----
('gene/protein', 'molfunc_protein', 'molecular_function'): 0.980316127615067
('molecular_function', 'rev_molfunc_protein', 'gene/protein'): 0.9147530160329307
----------------------------------------------
Epoch: 30 LR: 0.00050 Loss 0.2390, Train Micro AUROC 0.9673 Train Micro AUPRC 0.9635 Train Macro AUROC 0.9615 Train Macro AUPRC 0.9554
----- AUROC Performance in Each Relation -----
('gene/protein', 'molfunc_protein', 'molecular_function'): 0.9879741985729029
('molecular_function', 'rev_molfunc_protein', 'gene/protein'): 0.9349268551379354
----- AUPRC Performance in Each Relation -----
('gene/protein', 'molfunc_protein', 'molecular_function'): 0.9861024613177448
('molecular_function', 'rev_molfunc_protein', 'gene/protein'): 0.9246081533479464
----------------------------------------------
Validation.....
Epoch: 30 LR: 0.00050 Validation Loss 0.3934,  Validation Micro AUROC 0.9035 Validation Micro AUPRC 0.9051 Validation Macro AUROC 0.8957 Validation Macro AUPRC 0.8921 (Best Macro AUROC 0.8957)
----- AUROC Performance in Each Relation -----
('gene/protein', 'molfunc_protein', 'molecular_function'): 0.9493354745308127
('molecular_function', 'rev_molfunc_protein', 'gene/protein'): 0.8419953026229894
----- AUPRC Performance in Each Relation -----
('gene/protein', 'molfunc_protein', 'molecular_function'): 0.9518218072814887
('molecular_function', 'rev_molfunc_protein', 'gene/protein'): 0.8323523777565704
----------------------------------------------
Epoch: 35 LR: 0.00050 Loss 0.2154, Train Micro AUROC 0.9724 Train Micro AUPRC 0.9686 Train Macro AUROC 0.9669 Train Macro AUPRC 0.9613
----- AUROC Performance in Each Relation -----
('gene/protein', 'molfunc_protein', 'molecular_function'): 0.9902432519808184
('molecular_function', 'rev_molfunc_protein', 'gene/protein'): 0.9436339454327567
----- AUPRC Performance in Each Relation -----
('gene/protein', 'molfunc_protein', 'molecular_function'): 0.9883698994163447
('molecular_function', 'rev_molfunc_protein', 'gene/protein'): 0.9341741958710412
----------------------------------------------
Epoch: 40 LR: 0.00050 Loss 0.1977, Train Micro AUROC 0.9761 Train Micro AUPRC 0.9724 Train Macro AUROC 0.9708 Train Macro AUPRC 0.9655
----- AUROC Performance in Each Relation -----
('gene/protein', 'molfunc_protein', 'molecular_function'): 0.9921810933697964
('molecular_function', 'rev_molfunc_protein', 'gene/protein'): 0.9494889980481322
----- AUPRC Performance in Each Relation -----
('gene/protein', 'molfunc_protein', 'molecular_function'): 0.9904792163081589
('molecular_function', 'rev_molfunc_protein', 'gene/protein'): 0.9405770331764551
----------------------------------------------
Validation.....
Epoch: 40 LR: 0.00050 Validation Loss 0.3938,  Validation Micro AUROC 0.9111 Validation Micro AUPRC 0.9103 Validation Macro AUROC 0.9029 Validation Macro AUPRC 0.8971 (Best Macro AUROC 0.9029)
----- AUROC Performance in Each Relation -----
('gene/protein', 'molfunc_protein', 'molecular_function'): 0.9569344892811467
('molecular_function', 'rev_molfunc_protein', 'gene/protein'): 0.8488212826389328
----- AUPRC Performance in Each Relation -----
('gene/protein', 'molfunc_protein', 'molecular_function'): 0.9572222023557883
('molecular_function', 'rev_molfunc_protein', 'gene/protein'): 0.8370059920188582
----------------------------------------------
Epoch: 45 LR: 0.00050 Loss 0.2092, Train Micro AUROC 0.9734 Train Micro AUPRC 0.9698 Train Macro AUROC 0.9701 Train Macro AUPRC 0.9646
----- AUROC Performance in Each Relation -----
('gene/protein', 'molfunc_protein', 'molecular_function'): 0.9920886047818335
('molecular_function', 'rev_molfunc_protein', 'gene/protein'): 0.9480693790867096
----- AUPRC Performance in Each Relation -----
('gene/protein', 'molfunc_protein', 'molecular_function'): 0.9898596410705417
('molecular_function', 'rev_molfunc_protein', 'gene/protein'): 0.9393861418896707
----------------------------------------------
Epoch: 50 LR: 0.00050 Loss 0.1919, Train Micro AUROC 0.9768 Train Micro AUPRC 0.9720 Train Macro AUROC 0.9721 Train Macro AUPRC 0.9659
----- AUROC Performance in Each Relation -----
('gene/protein', 'molfunc_protein', 'molecular_function'): 0.992792475094656
('molecular_function', 'rev_molfunc_protein', 'gene/protein'): 0.9513256510859143
----- AUPRC Performance in Each Relation -----
('gene/protein', 'molfunc_protein', 'molecular_function'): 0.9910266490197003
('molecular_function', 'rev_molfunc_protein', 'gene/protein'): 0.9408302904666832
----------------------------------------------
Validation.....
Epoch: 50 LR: 0.00050 Validation Loss 0.4117,  Validation Micro AUROC 0.9106 Validation Micro AUPRC 0.9068 Validation Macro AUROC 0.9014 Validation Macro AUPRC 0.8946 (Best Macro AUROC 0.9029)
----- AUROC Performance in Each Relation -----
('gene/protein', 'molfunc_protein', 'molecular_function'): 0.9554340283336649
('molecular_function', 'rev_molfunc_protein', 'gene/protein'): 0.847346651119336
----- AUPRC Performance in Each Relation -----
('gene/protein', 'molfunc_protein', 'molecular_function'): 0.9559129251176479
('molecular_function', 'rev_molfunc_protein', 'gene/protein'): 0.8332904671470891
----------------------------------------------
Epoch: 55 LR: 0.00050 Loss 0.1944, Train Micro AUROC 0.9760 Train Micro AUPRC 0.9706 Train Macro AUROC 0.9712 Train Macro AUPRC 0.9647
----- AUROC Performance in Each Relation -----
('gene/protein', 'molfunc_protein', 'molecular_function'): 0.9927547164488189
('molecular_function', 'rev_molfunc_protein', 'gene/protein'): 0.9497102086460191
----- AUPRC Performance in Each Relation -----
('gene/protein', 'molfunc_protein', 'molecular_function'): 0.9908785979255926
('molecular_function', 'rev_molfunc_protein', 'gene/protein'): 0.9384710904494503
----------------------------------------------
Epoch: 60 LR: 0.00050 Loss 0.2059, Train Micro AUROC 0.9770 Train Micro AUPRC 0.9729 Train Macro AUROC 0.9718 Train Macro AUPRC 0.9664
----- AUROC Performance in Each Relation -----
('gene/protein', 'molfunc_protein', 'molecular_function'): 0.9927972871086295
('molecular_function', 'rev_molfunc_protein', 'gene/protein'): 0.950876682952718
----- AUPRC Performance in Each Relation -----
('gene/protein', 'molfunc_protein', 'molecular_function'): 0.9910624960610105
('molecular_function', 'rev_molfunc_protein', 'gene/protein'): 0.9416712914923286
----------------------------------------------
Validation.....
Epoch: 60 LR: 0.00050 Validation Loss 0.4007,  Validation Micro AUROC 0.9113 Validation Micro AUPRC 0.9095 Validation Macro AUROC 0.9046 Validation Macro AUPRC 0.8983 (Best Macro AUROC 0.9046)
----- AUROC Performance in Each Relation -----
('gene/protein', 'molfunc_protein', 'molecular_function'): 0.9590671698452387
('molecular_function', 'rev_molfunc_protein', 'gene/protein'): 0.8501182030010861
----- AUPRC Performance in Each Relation -----
('gene/protein', 'molfunc_protein', 'molecular_function'): 0.9574938370748969
('molecular_function', 'rev_molfunc_protein', 'gene/protein'): 0.8392035516279251
----------------------------------------------
Epoch: 65 LR: 0.00040 Loss 0.2117, Train Micro AUROC 0.9755 Train Micro AUPRC 0.9722 Train Macro AUROC 0.9719 Train Macro AUPRC 0.9670
----- AUROC Performance in Each Relation -----
('gene/protein', 'molfunc_protein', 'molecular_function'): 0.9930582066631586
('molecular_function', 'rev_molfunc_protein', 'gene/protein'): 0.9506939267063182
----- AUPRC Performance in Each Relation -----
('gene/protein', 'molfunc_protein', 'molecular_function'): 0.9911190454244547
('molecular_function', 'rev_molfunc_protein', 'gene/protein'): 0.9428813351127522
----------------------------------------------
Epoch: 70 LR: 0.00040 Loss 0.2005, Train Micro AUROC 0.9768 Train Micro AUPRC 0.9728 Train Macro AUROC 0.9720 Train Macro AUPRC 0.9668
----- AUROC Performance in Each Relation -----
('gene/protein', 'molfunc_protein', 'molecular_function'): 0.9932722273048034
('molecular_function', 'rev_molfunc_protein', 'gene/protein'): 0.9506487872641565
----- AUPRC Performance in Each Relation -----
('gene/protein', 'molfunc_protein', 'molecular_function'): 0.991505029780989
('molecular_function', 'rev_molfunc_protein', 'gene/protein'): 0.9421364687088538
----------------------------------------------
Validation.....
Epoch: 70 LR: 0.00040 Validation Loss 0.4271,  Validation Micro AUROC 0.9101 Validation Micro AUPRC 0.9090 Validation Macro AUROC 0.9043 Validation Macro AUPRC 0.8998 (Best Macro AUROC 0.9046)
----- AUROC Performance in Each Relation -----
('gene/protein', 'molfunc_protein', 'molecular_function'): 0.958921023099385
('molecular_function', 'rev_molfunc_protein', 'gene/protein'): 0.8497576984052447
----- AUPRC Performance in Each Relation -----
('gene/protein', 'molfunc_protein', 'molecular_function'): 0.9574824789390706
('molecular_function', 'rev_molfunc_protein', 'gene/protein'): 0.8420800329565061
----------------------------------------------
Epoch: 75 LR: 0.00032 Loss 0.1927, Train Micro AUROC 0.9773 Train Micro AUPRC 0.9727 Train Macro AUROC 0.9720 Train Macro AUPRC 0.9666
----- AUROC Performance in Each Relation -----
('gene/protein', 'molfunc_protein', 'molecular_function'): 0.9937451207972207
('molecular_function', 'rev_molfunc_protein', 'gene/protein'): 0.9503320720566087
----- AUPRC Performance in Each Relation -----
('gene/protein', 'molfunc_protein', 'molecular_function'): 0.9922231845931547
('molecular_function', 'rev_molfunc_protein', 'gene/protein'): 0.9408820532116173
----------------------------------------------
Epoch: 80 LR: 0.00032 Loss 0.2052, Train Micro AUROC 0.9745 Train Micro AUPRC 0.9697 Train Macro AUROC 0.9691 Train Macro AUPRC 0.9641
----- AUROC Performance in Each Relation -----
('gene/protein', 'molfunc_protein', 'molecular_function'): 0.9928648355171676
('molecular_function', 'rev_molfunc_protein', 'gene/protein'): 0.9453819501837522
----- AUPRC Performance in Each Relation -----
('gene/protein', 'molfunc_protein', 'molecular_function'): 0.990975564696491
('molecular_function', 'rev_molfunc_protein', 'gene/protein'): 0.9372594762406807
----------------------------------------------
Validation.....
Epoch: 80 LR: 0.00032 Validation Loss 0.4050,  Validation Micro AUROC 0.9111 Validation Micro AUPRC 0.9077 Validation Macro AUROC 0.9039 Validation Macro AUPRC 0.8995 (Best Macro AUROC 0.9046)
----- AUROC Performance in Each Relation -----
('gene/protein', 'molfunc_protein', 'molecular_function'): 0.9592894994692499
('molecular_function', 'rev_molfunc_protein', 'gene/protein'): 0.8485873363727378
----- AUPRC Performance in Each Relation -----
('gene/protein', 'molfunc_protein', 'molecular_function'): 0.9573915176415368
('molecular_function', 'rev_molfunc_protein', 'gene/protein'): 0.8416778866396242
----------------------------------------------
Epoch: 85 LR: 0.00026 Loss 0.1985, Train Micro AUROC 0.9760 Train Micro AUPRC 0.9707 Train Macro AUROC 0.9708 Train Macro AUPRC 0.9651
----- AUROC Performance in Each Relation -----
('gene/protein', 'molfunc_protein', 'molecular_function'): 0.9929592328053135
('molecular_function', 'rev_molfunc_protein', 'gene/protein'): 0.948641847695491
----- AUPRC Performance in Each Relation -----
('gene/protein', 'molfunc_protein', 'molecular_function'): 0.9909049750691237
('molecular_function', 'rev_molfunc_protein', 'gene/protein'): 0.9393446867766273
----------------------------------------------
Epoch: 90 LR: 0.00026 Loss 0.2056, Train Micro AUROC 0.9745 Train Micro AUPRC 0.9679 Train Macro AUROC 0.9694 Train Macro AUPRC 0.9630
----- AUROC Performance in Each Relation -----
('gene/protein', 'molfunc_protein', 'molecular_function'): 0.9922385464128032
('molecular_function', 'rev_molfunc_protein', 'gene/protein'): 0.9464926210541504
----- AUPRC Performance in Each Relation -----
('gene/protein', 'molfunc_protein', 'molecular_function'): 0.9900610960625492
('molecular_function', 'rev_molfunc_protein', 'gene/protein'): 0.9359884708784003
----------------------------------------------
Validation.....
Epoch: 90 LR: 0.00026 Validation Loss 0.3934,  Validation Micro AUROC 0.9131 Validation Micro AUPRC 0.9078 Validation Macro AUROC 0.9044 Validation Macro AUPRC 0.8992 (Best Macro AUROC 0.9046)
----- AUROC Performance in Each Relation -----
('gene/protein', 'molfunc_protein', 'molecular_function'): 0.9587622036529676
('molecular_function', 'rev_molfunc_protein', 'gene/protein'): 0.8500643073549963
----- AUPRC Performance in Each Relation -----
('gene/protein', 'molfunc_protein', 'molecular_function'): 0.956991340920479
('molecular_function', 'rev_molfunc_protein', 'gene/protein'): 0.841500452815559
----------------------------------------------
Epoch: 95 LR: 0.00020 Loss 0.1997, Train Micro AUROC 0.9757 Train Micro AUPRC 0.9697 Train Macro AUROC 0.9705 Train Macro AUPRC 0.9645
----- AUROC Performance in Each Relation -----
('gene/protein', 'molfunc_protein', 'molecular_function'): 0.9929600145760992
('molecular_function', 'rev_molfunc_protein', 'gene/protein'): 0.9480519910854877
----- AUPRC Performance in Each Relation -----
('gene/protein', 'molfunc_protein', 'molecular_function'): 0.9910462181919177
('molecular_function', 'rev_molfunc_protein', 'gene/protein'): 0.9379510436077522
----------------------------------------------
Epoch: 100 LR: 0.00020 Loss 0.1981, Train Micro AUROC 0.9761 Train Micro AUPRC 0.9704 Train Macro AUROC 0.9710 Train Macro AUPRC 0.9653
----- AUROC Performance in Each Relation -----
('gene/protein', 'molfunc_protein', 'molecular_function'): 0.993328577816007
('molecular_function', 'rev_molfunc_protein', 'gene/protein'): 0.9487224090028079
----- AUPRC Performance in Each Relation -----
('gene/protein', 'molfunc_protein', 'molecular_function'): 0.9917143039354323
('molecular_function', 'rev_molfunc_protein', 'gene/protein'): 0.9389675652613931
----------------------------------------------
Validation.....
Epoch: 100 LR: 0.00020 Validation Loss 0.3967,  Validation Micro AUROC 0.9129 Validation Micro AUPRC 0.9079 Validation Macro AUROC 0.9041 Validation Macro AUPRC 0.8989 (Best Macro AUROC 0.9046)
----- AUROC Performance in Each Relation -----
('gene/protein', 'molfunc_protein', 'molecular_function'): 0.9582497366564421
('molecular_function', 'rev_molfunc_protein', 'gene/protein'): 0.8499273644512766
----- AUPRC Performance in Each Relation -----
('gene/protein', 'molfunc_protein', 'molecular_function'): 0.9567045919890602
('molecular_function', 'rev_molfunc_protein', 'gene/protein'): 0.8410359470708766
----------------------------------------------
Epoch: 105 LR: 0.00016 Loss 0.1999, Train Micro AUROC 0.9756 Train Micro AUPRC 0.9696 Train Macro AUROC 0.9705 Train Macro AUPRC 0.9647
----- AUROC Performance in Each Relation -----
('gene/protein', 'molfunc_protein', 'molecular_function'): 0.9929252462072583
('molecular_function', 'rev_molfunc_protein', 'gene/protein'): 0.9481717364269606
----- AUPRC Performance in Each Relation -----
('gene/protein', 'molfunc_protein', 'molecular_function'): 0.9910011973971535
('molecular_function', 'rev_molfunc_protein', 'gene/protein'): 0.9384613037184757
----------------------------------------------
Epoch: 110 LR: 0.00016 Loss 0.2016, Train Micro AUROC 0.9752 Train Micro AUPRC 0.9689 Train Macro AUROC 0.9701 Train Macro AUPRC 0.9642
----- AUROC Performance in Each Relation -----
('gene/protein', 'molfunc_protein', 'molecular_function'): 0.9928572296043844
('molecular_function', 'rev_molfunc_protein', 'gene/protein'): 0.9474198407208916
----- AUPRC Performance in Each Relation -----
('gene/protein', 'molfunc_protein', 'molecular_function'): 0.9912149503288562
('molecular_function', 'rev_molfunc_protein', 'gene/protein'): 0.9371165028438538
----------------------------------------------
Validation.....
Epoch: 110 LR: 0.00016 Validation Loss 0.3987,  Validation Micro AUROC 0.9124 Validation Micro AUPRC 0.9074 Validation Macro AUROC 0.9037 Validation Macro AUPRC 0.8985 (Best Macro AUROC 0.9046)
----- AUROC Performance in Each Relation -----
('gene/protein', 'molfunc_protein', 'molecular_function'): 0.9579158168635772
('molecular_function', 'rev_molfunc_protein', 'gene/protein'): 0.8494864454100175
----- AUPRC Performance in Each Relation -----
('gene/protein', 'molfunc_protein', 'molecular_function'): 0.9564159200906587
('molecular_function', 'rev_molfunc_protein', 'gene/protein'): 0.8406575655044588
----------------------------------------------
Epoch: 115 LR: 0.00016 Loss 0.1989, Train Micro AUROC 0.9757 Train Micro AUPRC 0.9698 Train Macro AUROC 0.9704 Train Macro AUPRC 0.9643
----- AUROC Performance in Each Relation -----
('gene/protein', 'molfunc_protein', 'molecular_function'): 0.9927300646998563
('molecular_function', 'rev_molfunc_protein', 'gene/protein'): 0.9481298074388631
----- AUPRC Performance in Each Relation -----
('gene/protein', 'molfunc_protein', 'molecular_function'): 0.990494817163065
('molecular_function', 'rev_molfunc_protein', 'gene/protein'): 0.93807285027311
----------------------------------------------
Epoch: 120 LR: 0.00013 Loss 0.1989, Train Micro AUROC 0.9757 Train Micro AUPRC 0.9704 Train Macro AUROC 0.9704 Train Macro AUPRC 0.9648
----- AUROC Performance in Each Relation -----
('gene/protein', 'molfunc_protein', 'molecular_function'): 0.9928526145673118
('molecular_function', 'rev_molfunc_protein', 'gene/protein'): 0.9480451233870477
----- AUPRC Performance in Each Relation -----
('gene/protein', 'molfunc_protein', 'molecular_function'): 0.9909537790287901
('molecular_function', 'rev_molfunc_protein', 'gene/protein'): 0.9387034910245632
----------------------------------------------
Validation.....
Epoch: 120 LR: 0.00013 Validation Loss 0.4002,  Validation Micro AUROC 0.9122 Validation Micro AUPRC 0.9077 Validation Macro AUROC 0.9037 Validation Macro AUPRC 0.8985 (Best Macro AUROC 0.9046)
----- AUROC Performance in Each Relation -----
('gene/protein', 'molfunc_protein', 'molecular_function'): 0.9579856487239756
('molecular_function', 'rev_molfunc_protein', 'gene/protein'): 0.8494021220818448
----- AUPRC Performance in Each Relation -----
('gene/protein', 'molfunc_protein', 'molecular_function'): 0.9563753527412493
('molecular_function', 'rev_molfunc_protein', 'gene/protein'): 0.8407031990636094
----------------------------------------------
Epoch: 125 LR: 0.00013 Loss 0.2023, Train Micro AUROC 0.9751 Train Micro AUPRC 0.9686 Train Macro AUROC 0.9700 Train Macro AUPRC 0.9636
----- AUROC Performance in Each Relation -----
('gene/protein', 'molfunc_protein', 'molecular_function'): 0.9927629737624174
('molecular_function', 'rev_molfunc_protein', 'gene/protein'): 0.9472133966550447
----- AUPRC Performance in Each Relation -----
('gene/protein', 'molfunc_protein', 'molecular_function'): 0.9910471633025365
('molecular_function', 'rev_molfunc_protein', 'gene/protein'): 0.9362234971366743
----------------------------------------------
Epoch: 130 LR: 0.00010 Loss 0.1985, Train Micro AUROC 0.9759 Train Micro AUPRC 0.9700 Train Macro AUROC 0.9707 Train Macro AUPRC 0.9646
----- AUROC Performance in Each Relation -----
('gene/protein', 'molfunc_protein', 'molecular_function'): 0.9927351450873733
('molecular_function', 'rev_molfunc_protein', 'gene/protein'): 0.9487202398620413
----- AUPRC Performance in Each Relation -----
('gene/protein', 'molfunc_protein', 'molecular_function'): 0.9906368816600901
('molecular_function', 'rev_molfunc_protein', 'gene/protein'): 0.9386268322304381
----------------------------------------------
Validation.....
Epoch: 130 LR: 0.00010 Validation Loss 0.3983,  Validation Micro AUROC 0.9124 Validation Micro AUPRC 0.9082 Validation Macro AUROC 0.9039 Validation Macro AUPRC 0.8986 (Best Macro AUROC 0.9046)
----- AUROC Performance in Each Relation -----
('gene/protein', 'molfunc_protein', 'molecular_function'): 0.9581140918244815
('molecular_function', 'rev_molfunc_protein', 'gene/protein'): 0.8496377331067364
----- AUPRC Performance in Each Relation -----
('gene/protein', 'molfunc_protein', 'molecular_function'): 0.9564492266766207
('molecular_function', 'rev_molfunc_protein', 'gene/protein'): 0.840675763825453
----------------------------------------------
Epoch: 135 LR: 0.00010 Loss 0.1966, Train Micro AUROC 0.9763 Train Micro AUPRC 0.9713 Train Macro AUROC 0.9711 Train Macro AUPRC 0.9657
----- AUROC Performance in Each Relation -----
('gene/protein', 'molfunc_protein', 'molecular_function'): 0.9928447115427139
('molecular_function', 'rev_molfunc_protein', 'gene/protein'): 0.949301670770138
----- AUPRC Performance in Each Relation -----
('gene/protein', 'molfunc_protein', 'molecular_function'): 0.9912093175650099
('molecular_function', 'rev_molfunc_protein', 'gene/protein'): 0.9401020557866036
----------------------------------------------
Epoch: 140 LR: 0.00008 Loss 0.2007, Train Micro AUROC 0.9754 Train Micro AUPRC 0.9699 Train Macro AUROC 0.9702 Train Macro AUPRC 0.9643
----- AUROC Performance in Each Relation -----
('gene/protein', 'molfunc_protein', 'molecular_function'): 0.9925463500620456
('molecular_function', 'rev_molfunc_protein', 'gene/protein'): 0.9478008338618359
----- AUPRC Performance in Each Relation -----
('gene/protein', 'molfunc_protein', 'molecular_function'): 0.9904993528468634
('molecular_function', 'rev_molfunc_protein', 'gene/protein'): 0.9380732375448755
----------------------------------------------
Validation.....
Epoch: 140 LR: 0.00008 Validation Loss 0.3969,  Validation Micro AUROC 0.9122 Validation Micro AUPRC 0.9079 Validation Macro AUROC 0.9037 Validation Macro AUPRC 0.8983 (Best Macro AUROC 0.9046)
----- AUROC Performance in Each Relation -----
('gene/protein', 'molfunc_protein', 'molecular_function'): 0.9580854169059606
('molecular_function', 'rev_molfunc_protein', 'gene/protein'): 0.8493447575773252
----- AUPRC Performance in Each Relation -----
('gene/protein', 'molfunc_protein', 'molecular_function'): 0.956222633150002
('molecular_function', 'rev_molfunc_protein', 'gene/protein'): 0.840431241396679
----------------------------------------------
Epoch: 145 LR: 0.00008 Loss 0.2021, Train Micro AUROC 0.9750 Train Micro AUPRC 0.9692 Train Macro AUROC 0.9698 Train Macro AUPRC 0.9636
----- AUROC Performance in Each Relation -----
('gene/protein', 'molfunc_protein', 'molecular_function'): 0.9925565280501069
('molecular_function', 'rev_molfunc_protein', 'gene/protein'): 0.9469541326943618
----- AUPRC Performance in Each Relation -----
('gene/protein', 'molfunc_protein', 'molecular_function'): 0.9906976493486465
('molecular_function', 'rev_molfunc_protein', 'gene/protein'): 0.936517559699376
----------------------------------------------
Testing...
Testing Loss 0.4213 Testing Micro AUROC 0.9037 Testing Micro AUPRC 0.9021 Testing Macro AUROC 0.8996 Testing Macro AUPRC 0.8942
----- AUROC Performance in Each Relation -----
('gene/protein', 'molfunc_protein', 'molecular_function'): 0.9482421629294945
('molecular_function', 'rev_molfunc_protein', 'gene/protein'): 0.8508995515525829
----- AUPRC Performance in Each Relation -----
('gene/protein', 'molfunc_protein', 'molecular_function'): 0.9472217986230733
('molecular_function', 'rev_molfunc_protein', 'gene/protein'): 0.8410871587185889
----------------------------------------------
[2023-12-05 11:06:16] Finetune done! 
