source /etc/profile.d/modules.sh
Activating txgnn_env2 ...
Starting training script ...
[2023-11-25 16:53:22] Importing libraries ...
[2023-11-25 16:53:22] Loading data ...
Found local copy...
Found local copy...
Found local copy...
Found saved processed KG... Loading...
Splits detected... Loading splits....
Creating DGL graph....
Done!
[2023-11-25 16:53:44] Loaded data!
[2023-11-25 16:53:44] Initializing model ...
[2023-11-25 16:53:53] Starting to finetune ...
Epoch: 0 LR: 0.00050 Loss 0.7310, Train Micro AUROC 0.4706 Train Micro AUPRC 0.4635 Train Macro AUROC 0.4648 Train Macro AUPRC 0.4682
----- AUROC Performance in Each Relation -----
('gene/protein', 'molfunc_protein', 'molecular_function'): 0.4362042479458308
('molecular_function', 'rev_molfunc_protein', 'gene/protein'): 0.49340493615115144
----- AUPRC Performance in Each Relation -----
('gene/protein', 'molfunc_protein', 'molecular_function'): 0.4374536118581038
('molecular_function', 'rev_molfunc_protein', 'gene/protein'): 0.4989939386207573
----------------------------------------------
Validation.....
Epoch: 0 LR: 0.00050 Validation Loss 0.6908,  Validation Micro AUROC 0.5701 Validation Micro AUPRC 0.5511 Validation Macro AUROC 0.5709 Validation Macro AUPRC 0.5480 (Best Macro AUROC 0.5709)
----- AUROC Performance in Each Relation -----
('gene/protein', 'molfunc_protein', 'molecular_function'): 0.6085785617009956
('molecular_function', 'rev_molfunc_protein', 'gene/protein'): 0.5332747641399946
----- AUPRC Performance in Each Relation -----
('gene/protein', 'molfunc_protein', 'molecular_function'): 0.5714457554450366
('molecular_function', 'rev_molfunc_protein', 'gene/protein'): 0.5246060685312216
----------------------------------------------
Epoch: 5 LR: 0.00050 Loss 0.5662, Train Micro AUROC 0.8270 Train Micro AUPRC 0.8336 Train Macro AUROC 0.8155 Train Macro AUPRC 0.8171
----- AUROC Performance in Each Relation -----
('gene/protein', 'molfunc_protein', 'molecular_function'): 0.8821284147684672
('molecular_function', 'rev_molfunc_protein', 'gene/protein'): 0.7487894544317273
----- AUPRC Performance in Each Relation -----
('gene/protein', 'molfunc_protein', 'molecular_function'): 0.8926888714520638
('molecular_function', 'rev_molfunc_protein', 'gene/protein'): 0.7414230141758167
----------------------------------------------
Epoch: 10 LR: 0.00050 Loss 0.4562, Train Micro AUROC 0.8957 Train Micro AUPRC 0.9009 Train Macro AUROC 0.8934 Train Macro AUPRC 0.8951
----- AUROC Performance in Each Relation -----
('gene/protein', 'molfunc_protein', 'molecular_function'): 0.9295305704062578
('molecular_function', 'rev_molfunc_protein', 'gene/protein'): 0.8572773048256779
----- AUPRC Performance in Each Relation -----
('gene/protein', 'molfunc_protein', 'molecular_function'): 0.9366450499705227
('molecular_function', 'rev_molfunc_protein', 'gene/protein'): 0.8534968674117902
----------------------------------------------
Epoch: 15 LR: 0.00050 Loss 0.3818, Train Micro AUROC 0.9221 Train Micro AUPRC 0.9228 Train Macro AUROC 0.9215 Train Macro AUPRC 0.9186
----- AUROC Performance in Each Relation -----
('gene/protein', 'molfunc_protein', 'molecular_function'): 0.9497420195174539
('molecular_function', 'rev_molfunc_protein', 'gene/protein'): 0.8931837864424768
----- AUPRC Performance in Each Relation -----
('gene/protein', 'molfunc_protein', 'molecular_function'): 0.9529512915861797
('molecular_function', 'rev_molfunc_protein', 'gene/protein'): 0.8842855109523449
----------------------------------------------
Epoch: 20 LR: 0.00050 Loss 0.3220, Train Micro AUROC 0.9434 Train Micro AUPRC 0.9415 Train Macro AUROC 0.9404 Train Macro AUPRC 0.9354
----- AUROC Performance in Each Relation -----
('gene/protein', 'molfunc_protein', 'molecular_function'): 0.9688834993826806
('molecular_function', 'rev_molfunc_protein', 'gene/protein'): 0.9119041018532422
----- AUPRC Performance in Each Relation -----
('gene/protein', 'molfunc_protein', 'molecular_function'): 0.9686156431624812
('molecular_function', 'rev_molfunc_protein', 'gene/protein'): 0.9021229503317012
----------------------------------------------
Epoch: 25 LR: 0.00050 Loss 0.2737, Train Micro AUROC 0.9591 Train Micro AUPRC 0.9555 Train Macro AUROC 0.9537 Train Macro AUPRC 0.9475
----- AUROC Performance in Each Relation -----
('gene/protein', 'molfunc_protein', 'molecular_function'): 0.9820178115201192
('molecular_function', 'rev_molfunc_protein', 'gene/protein'): 0.9254023855433618
----- AUPRC Performance in Each Relation -----
('gene/protein', 'molfunc_protein', 'molecular_function'): 0.9803161561529296
('molecular_function', 'rev_molfunc_protein', 'gene/protein'): 0.9147525043257836
----------------------------------------------
Epoch: 30 LR: 0.00050 Loss 0.2390, Train Micro AUROC 0.9673 Train Micro AUPRC 0.9635 Train Macro AUROC 0.9615 Train Macro AUPRC 0.9554
----- AUROC Performance in Each Relation -----
('gene/protein', 'molfunc_protein', 'molecular_function'): 0.9879741744746652
('molecular_function', 'rev_molfunc_protein', 'gene/protein'): 0.9349269027356972
----- AUPRC Performance in Each Relation -----
('gene/protein', 'molfunc_protein', 'molecular_function'): 0.9861024425043363
('molecular_function', 'rev_molfunc_protein', 'gene/protein'): 0.9246085233824473
----------------------------------------------
Epoch: 35 LR: 0.00050 Loss 0.2154, Train Micro AUROC 0.9724 Train Micro AUPRC 0.9686 Train Macro AUROC 0.9669 Train Macro AUPRC 0.9613
----- AUROC Performance in Each Relation -----
('gene/protein', 'molfunc_protein', 'molecular_function'): 0.9902432397071818
('molecular_function', 'rev_molfunc_protein', 'gene/protein'): 0.9436337342363985
----- AUPRC Performance in Each Relation -----
('gene/protein', 'molfunc_protein', 'molecular_function'): 0.9883698776970019
('molecular_function', 'rev_molfunc_protein', 'gene/protein'): 0.9341738562061596
----------------------------------------------
Epoch: 40 LR: 0.00050 Loss 0.1977, Train Micro AUROC 0.9761 Train Micro AUPRC 0.9724 Train Macro AUROC 0.9708 Train Macro AUPRC 0.9655
----- AUROC Performance in Each Relation -----
('gene/protein', 'molfunc_protein', 'molecular_function'): 0.9921810725644856
('molecular_function', 'rev_molfunc_protein', 'gene/protein'): 0.9494840933831696
----- AUPRC Performance in Each Relation -----
('gene/protein', 'molfunc_protein', 'molecular_function'): 0.9904792009262255
('molecular_function', 'rev_molfunc_protein', 'gene/protein'): 0.940572511856682
----------------------------------------------
Epoch: 45 LR: 0.00050 Loss 0.1853, Train Micro AUROC 0.9786 Train Micro AUPRC 0.9746 Train Macro AUROC 0.9734 Train Macro AUPRC 0.9680
----- AUROC Performance in Each Relation -----
('gene/protein', 'molfunc_protein', 'molecular_function'): 0.9932931761574494
('molecular_function', 'rev_molfunc_protein', 'gene/protein'): 0.9535927574759515
----- AUPRC Performance in Each Relation -----
('gene/protein', 'molfunc_protein', 'molecular_function'): 0.9914368082810315
('molecular_function', 'rev_molfunc_protein', 'gene/protein'): 0.9444722675210465
----------------------------------------------
Epoch: 50 LR: 0.00050 Loss 0.1738, Train Micro AUROC 0.9809 Train Micro AUPRC 0.9769 Train Macro AUROC 0.9759 Train Macro AUPRC 0.9702
----- AUROC Performance in Each Relation -----
('gene/protein', 'molfunc_protein', 'molecular_function'): 0.994530872881053
('molecular_function', 'rev_molfunc_protein', 'gene/protein'): 0.9573374932731378
----- AUPRC Performance in Each Relation -----
('gene/protein', 'molfunc_protein', 'molecular_function'): 0.9930042060045717
('molecular_function', 'rev_molfunc_protein', 'gene/protein'): 0.9473985472062045
----------------------------------------------
Validation.....
Epoch: 50 LR: 0.00050 Validation Loss 0.4098,  Validation Micro AUROC 0.9127 Validation Micro AUPRC 0.9117 Validation Macro AUROC 0.9028 Validation Macro AUPRC 0.8972 (Best Macro AUROC 0.9028)
----- AUROC Performance in Each Relation -----
('gene/protein', 'molfunc_protein', 'molecular_function'): 0.9599895855042728
('molecular_function', 'rev_molfunc_protein', 'gene/protein'): 0.8456096110934473
----- AUPRC Performance in Each Relation -----
('gene/protein', 'molfunc_protein', 'molecular_function'): 0.959781812076739
('molecular_function', 'rev_molfunc_protein', 'gene/protein'): 0.8345257052219255
----------------------------------------------
Epoch: 55 LR: 0.00050 Loss 0.1677, Train Micro AUROC 0.9819 Train Micro AUPRC 0.9777 Train Macro AUROC 0.9768 Train Macro AUPRC 0.9709
----- AUROC Performance in Each Relation -----
('gene/protein', 'molfunc_protein', 'molecular_function'): 0.9950919440710649
('molecular_function', 'rev_molfunc_protein', 'gene/protein'): 0.9584803001166645
----- AUPRC Performance in Each Relation -----
('gene/protein', 'molfunc_protein', 'molecular_function'): 0.9936402876612105
('molecular_function', 'rev_molfunc_protein', 'gene/protein'): 0.9481205720120578
----------------------------------------------
Epoch: 60 LR: 0.00050 Loss 0.1601, Train Micro AUROC 0.9834 Train Micro AUPRC 0.9799 Train Macro AUROC 0.9784 Train Macro AUPRC 0.9733
----- AUROC Performance in Each Relation -----
('gene/protein', 'molfunc_protein', 'molecular_function'): 0.995651618611029
('molecular_function', 'rev_molfunc_protein', 'gene/protein'): 0.9610957661431965
----- AUPRC Performance in Each Relation -----
('gene/protein', 'molfunc_protein', 'molecular_function'): 0.9943203911065672
('molecular_function', 'rev_molfunc_protein', 'gene/protein'): 0.9523511484900029
----------------------------------------------
Epoch: 65 LR: 0.00050 Loss 0.1521, Train Micro AUROC 0.9849 Train Micro AUPRC 0.9816 Train Macro AUROC 0.9801 Train Macro AUPRC 0.9754
----- AUROC Performance in Each Relation -----
('gene/protein', 'molfunc_protein', 'molecular_function'): 0.9962873955359086
('molecular_function', 'rev_molfunc_protein', 'gene/protein'): 0.9639303336479257
----- AUPRC Performance in Each Relation -----
('gene/protein', 'molfunc_protein', 'molecular_function'): 0.9952780555483453
('molecular_function', 'rev_molfunc_protein', 'gene/protein'): 0.9554441877603485
----------------------------------------------
Epoch: 70 LR: 0.00050 Loss 0.1466, Train Micro AUROC 0.9859 Train Micro AUPRC 0.9826 Train Macro AUROC 0.9810 Train Macro AUPRC 0.9763
----- AUROC Performance in Each Relation -----
('gene/protein', 'molfunc_protein', 'molecular_function'): 0.9967858080144956
('molecular_function', 'rev_molfunc_protein', 'gene/protein'): 0.9652871572414564
----- AUPRC Performance in Each Relation -----
('gene/protein', 'molfunc_protein', 'molecular_function'): 0.995831212954012
('molecular_function', 'rev_molfunc_protein', 'gene/protein'): 0.9566805107474623
----------------------------------------------
Epoch: 75 LR: 0.00050 Loss 0.1439, Train Micro AUROC 0.9862 Train Micro AUPRC 0.9828 Train Macro AUROC 0.9813 Train Macro AUPRC 0.9763
----- AUROC Performance in Each Relation -----
('gene/protein', 'molfunc_protein', 'molecular_function'): 0.997077084014512
('molecular_function', 'rev_molfunc_protein', 'gene/protein'): 0.9655375011121599
----- AUPRC Performance in Each Relation -----
('gene/protein', 'molfunc_protein', 'molecular_function'): 0.9960653518457598
('molecular_function', 'rev_molfunc_protein', 'gene/protein'): 0.9566230837723722
----------------------------------------------
Epoch: 80 LR: 0.00050 Loss 0.1397, Train Micro AUROC 0.9868 Train Micro AUPRC 0.9837 Train Macro AUROC 0.9821 Train Macro AUPRC 0.9775
----- AUROC Performance in Each Relation -----
('gene/protein', 'molfunc_protein', 'molecular_function'): 0.9970633489169892
('molecular_function', 'rev_molfunc_protein', 'gene/protein'): 0.967153036502401
----- AUPRC Performance in Each Relation -----
('gene/protein', 'molfunc_protein', 'molecular_function'): 0.9960908586935469
('molecular_function', 'rev_molfunc_protein', 'gene/protein'): 0.9589937817562669
----------------------------------------------
Epoch: 85 LR: 0.00050 Loss 0.1361, Train Micro AUROC 0.9874 Train Micro AUPRC 0.9842 Train Macro AUROC 0.9828 Train Macro AUPRC 0.9781
----- AUROC Performance in Each Relation -----
('gene/protein', 'molfunc_protein', 'molecular_function'): 0.9972366957744054
('molecular_function', 'rev_molfunc_protein', 'gene/protein'): 0.9682710098872708
----- AUPRC Performance in Each Relation -----
('gene/protein', 'molfunc_protein', 'molecular_function'): 0.9960936599236977
('molecular_function', 'rev_molfunc_protein', 'gene/protein'): 0.9602000487665925
----------------------------------------------
Epoch: 90 LR: 0.00050 Loss 0.1351, Train Micro AUROC 0.9875 Train Micro AUPRC 0.9838 Train Macro AUROC 0.9828 Train Macro AUPRC 0.9775
----- AUROC Performance in Each Relation -----
('gene/protein', 'molfunc_protein', 'molecular_function'): 0.9973014353162841
('molecular_function', 'rev_molfunc_protein', 'gene/protein'): 0.9683235495839622
----- AUPRC Performance in Each Relation -----
('gene/protein', 'molfunc_protein', 'molecular_function'): 0.9961453658958159
('molecular_function', 'rev_molfunc_protein', 'gene/protein'): 0.9589426977814004
----------------------------------------------
Epoch: 95 LR: 0.00050 Loss 0.1319, Train Micro AUROC 0.9881 Train Micro AUPRC 0.9846 Train Macro AUROC 0.9834 Train Macro AUPRC 0.9783
----- AUROC Performance in Each Relation -----
('gene/protein', 'molfunc_protein', 'molecular_function'): 0.9975357098533171
('molecular_function', 'rev_molfunc_protein', 'gene/protein'): 0.9692815094718549
----- AUPRC Performance in Each Relation -----
('gene/protein', 'molfunc_protein', 'molecular_function'): 0.9963824060749725
('molecular_function', 'rev_molfunc_protein', 'gene/protein'): 0.9603035667473442
----------------------------------------------
Epoch: 100 LR: 0.00050 Loss 0.1263, Train Micro AUROC 0.9890 Train Micro AUPRC 0.9859 Train Macro AUROC 0.9844 Train Macro AUPRC 0.9799
----- AUROC Performance in Each Relation -----
('gene/protein', 'molfunc_protein', 'molecular_function'): 0.9979838402359704
('molecular_function', 'rev_molfunc_protein', 'gene/protein'): 0.9708311812347108
----- AUPRC Performance in Each Relation -----
('gene/protein', 'molfunc_protein', 'molecular_function'): 0.9971209540993736
('molecular_function', 'rev_molfunc_protein', 'gene/protein'): 0.962670372520667
----------------------------------------------
Validation.....
Epoch: 100 LR: 0.00050 Validation Loss 0.5051,  Validation Micro AUROC 0.9096 Validation Micro AUPRC 0.9085 Validation Macro AUROC 0.8972 Validation Macro AUPRC 0.8924 (Best Macro AUROC 0.9028)
----- AUROC Performance in Each Relation -----
('gene/protein', 'molfunc_protein', 'molecular_function'): 0.9608761538482862
('molecular_function', 'rev_molfunc_protein', 'gene/protein'): 0.8335717629584853
----- AUPRC Performance in Each Relation -----
('gene/protein', 'molfunc_protein', 'molecular_function'): 0.9602844727113983
('molecular_function', 'rev_molfunc_protein', 'gene/protein'): 0.8245162639186744
----------------------------------------------
Epoch: 105 LR: 0.00050 Loss 0.1266, Train Micro AUROC 0.9891 Train Micro AUPRC 0.9859 Train Macro AUROC 0.9847 Train Macro AUPRC 0.9802
----- AUROC Performance in Each Relation -----
('gene/protein', 'molfunc_protein', 'molecular_function'): 0.9978732305215113
('molecular_function', 'rev_molfunc_protein', 'gene/protein'): 0.9714371670497833
----- AUPRC Performance in Each Relation -----
('gene/protein', 'molfunc_protein', 'molecular_function'): 0.9970484794205055
('molecular_function', 'rev_molfunc_protein', 'gene/protein'): 0.9634145519300791
----------------------------------------------
Epoch: 110 LR: 0.00050 Loss 0.1243, Train Micro AUROC 0.9893 Train Micro AUPRC 0.9864 Train Macro AUROC 0.9848 Train Macro AUPRC 0.9805
----- AUROC Performance in Each Relation -----
('gene/protein', 'molfunc_protein', 'molecular_function'): 0.9980090525309012
('molecular_function', 'rev_molfunc_protein', 'gene/protein'): 0.9715122583564576
----- AUPRC Performance in Each Relation -----
('gene/protein', 'molfunc_protein', 'molecular_function'): 0.9971623864579601
('molecular_function', 'rev_molfunc_protein', 'gene/protein'): 0.9638169420187338
----------------------------------------------
Epoch: 115 LR: 0.00050 Loss 0.1223, Train Micro AUROC 0.9895 Train Micro AUPRC 0.9866 Train Macro AUROC 0.9849 Train Macro AUPRC 0.9808
----- AUROC Performance in Each Relation -----
('gene/protein', 'molfunc_protein', 'molecular_function'): 0.9978451759816166
('molecular_function', 'rev_molfunc_protein', 'gene/protein'): 0.9720339528760886
----- AUPRC Performance in Each Relation -----
('gene/protein', 'molfunc_protein', 'molecular_function'): 0.9968760845749836
('molecular_function', 'rev_molfunc_protein', 'gene/protein'): 0.9647112510499408
----------------------------------------------
Epoch: 120 LR: 0.00050 Loss 0.1191, Train Micro AUROC 0.9899 Train Micro AUPRC 0.9871 Train Macro AUROC 0.9855 Train Macro AUPRC 0.9814
----- AUROC Performance in Each Relation -----
('gene/protein', 'molfunc_protein', 'molecular_function'): 0.997979255433954
('molecular_function', 'rev_molfunc_protein', 'gene/protein'): 0.9730267387590428
----- AUPRC Performance in Each Relation -----
('gene/protein', 'molfunc_protein', 'molecular_function'): 0.9970834751391138
('molecular_function', 'rev_molfunc_protein', 'gene/protein'): 0.9658013289585403
----------------------------------------------
Epoch: 125 LR: 0.00050 Loss 0.1202, Train Micro AUROC 0.9902 Train Micro AUPRC 0.9870 Train Macro AUROC 0.9859 Train Macro AUPRC 0.9815
----- AUROC Performance in Each Relation -----
('gene/protein', 'molfunc_protein', 'molecular_function'): 0.9981133618284209
('molecular_function', 'rev_molfunc_protein', 'gene/protein'): 0.9736841663790371
----- AUPRC Performance in Each Relation -----
('gene/protein', 'molfunc_protein', 'molecular_function'): 0.9971203238270999
('molecular_function', 'rev_molfunc_protein', 'gene/protein'): 0.965963310717527
----------------------------------------------
Epoch: 130 LR: 0.00050 Loss 0.1198, Train Micro AUROC 0.9904 Train Micro AUPRC 0.9876 Train Macro AUROC 0.9861 Train Macro AUPRC 0.9821
----- AUROC Performance in Each Relation -----
('gene/protein', 'molfunc_protein', 'molecular_function'): 0.9982672757770005
('molecular_function', 'rev_molfunc_protein', 'gene/protein'): 0.9739212096688924
----- AUPRC Performance in Each Relation -----
('gene/protein', 'molfunc_protein', 'molecular_function'): 0.9974631510252977
('molecular_function', 'rev_molfunc_protein', 'gene/protein'): 0.9667180235909554
----------------------------------------------
Epoch: 135 LR: 0.00050 Loss 0.1147, Train Micro AUROC 0.9907 Train Micro AUPRC 0.9883 Train Macro AUROC 0.9864 Train Macro AUPRC 0.9828
----- AUROC Performance in Each Relation -----
('gene/protein', 'molfunc_protein', 'molecular_function'): 0.9983734933256678
('molecular_function', 'rev_molfunc_protein', 'gene/protein'): 0.9745060412724224
----- AUPRC Performance in Each Relation -----
('gene/protein', 'molfunc_protein', 'molecular_function'): 0.9976346565550475
('molecular_function', 'rev_molfunc_protein', 'gene/protein'): 0.9679924448173556
----------------------------------------------
Epoch: 140 LR: 0.00050 Loss 0.1140, Train Micro AUROC 0.9907 Train Micro AUPRC 0.9880 Train Macro AUROC 0.9865 Train Macro AUPRC 0.9826
----- AUROC Performance in Each Relation -----
('gene/protein', 'molfunc_protein', 'molecular_function'): 0.9982462549289979
('molecular_function', 'rev_molfunc_protein', 'gene/protein'): 0.9746994871079828
----- AUPRC Performance in Each Relation -----
('gene/protein', 'molfunc_protein', 'molecular_function'): 0.9974832450190306
('molecular_function', 'rev_molfunc_protein', 'gene/protein'): 0.9677838830430663
----------------------------------------------
Epoch: 145 LR: 0.00050 Loss 0.1145, Train Micro AUROC 0.9906 Train Micro AUPRC 0.9878 Train Macro AUROC 0.9863 Train Macro AUPRC 0.9822
----- AUROC Performance in Each Relation -----
('gene/protein', 'molfunc_protein', 'molecular_function'): 0.9982380067457877
('molecular_function', 'rev_molfunc_protein', 'gene/protein'): 0.9743590950075182
----- AUPRC Performance in Each Relation -----
('gene/protein', 'molfunc_protein', 'molecular_function'): 0.9973596498770241
('molecular_function', 'rev_molfunc_protein', 'gene/protein'): 0.9669925886443147
----------------------------------------------
Epoch: 150 LR: 0.00050 Loss 0.1122, Train Micro AUROC 0.9910 Train Micro AUPRC 0.9881 Train Macro AUROC 0.9868 Train Macro AUPRC 0.9827
----- AUROC Performance in Each Relation -----
('gene/protein', 'molfunc_protein', 'molecular_function'): 0.9983683756682051
('molecular_function', 'rev_molfunc_protein', 'gene/protein'): 0.9752944196151485
----- AUPRC Performance in Each Relation -----
('gene/protein', 'molfunc_protein', 'molecular_function'): 0.9975062730519306
('molecular_function', 'rev_molfunc_protein', 'gene/protein'): 0.9678296572440166
----------------------------------------------
Validation.....
Epoch: 150 LR: 0.00050 Validation Loss 0.6090,  Validation Micro AUROC 0.9044 Validation Micro AUPRC 0.9023 Validation Macro AUROC 0.8917 Validation Macro AUPRC 0.8859 (Best Macro AUROC 0.9028)
----- AUROC Performance in Each Relation -----
('gene/protein', 'molfunc_protein', 'molecular_function'): 0.957777150531251
('molecular_function', 'rev_molfunc_protein', 'gene/protein'): 0.825610080159378
----- AUPRC Performance in Each Relation -----
('gene/protein', 'molfunc_protein', 'molecular_function'): 0.9570607951295551
('molecular_function', 'rev_molfunc_protein', 'gene/protein'): 0.8147469541757462
----------------------------------------------
Epoch: 155 LR: 0.00050 Loss 0.1103, Train Micro AUROC 0.9915 Train Micro AUPRC 0.9891 Train Macro AUROC 0.9874 Train Macro AUPRC 0.9840
----- AUROC Performance in Each Relation -----
('gene/protein', 'molfunc_protein', 'molecular_function'): 0.9982955599237082
('molecular_function', 'rev_molfunc_protein', 'gene/protein'): 0.9764555902140138
----- AUPRC Performance in Each Relation -----
('gene/protein', 'molfunc_protein', 'molecular_function'): 0.9973598803442514
('molecular_function', 'rev_molfunc_protein', 'gene/protein'): 0.9707398742555073
----------------------------------------------
Epoch: 160 LR: 0.00050 Loss 0.1082, Train Micro AUROC 0.9916 Train Micro AUPRC 0.9892 Train Macro AUROC 0.9876 Train Macro AUPRC 0.9841
----- AUROC Performance in Each Relation -----
('gene/protein', 'molfunc_protein', 'molecular_function'): 0.9985761475319915
('molecular_function', 'rev_molfunc_protein', 'gene/protein'): 0.9766436968679376
----- AUPRC Performance in Each Relation -----
('gene/protein', 'molfunc_protein', 'molecular_function'): 0.9978861537558482
('molecular_function', 'rev_molfunc_protein', 'gene/protein'): 0.9703997805007472
----------------------------------------------
Epoch: 165 LR: 0.00050 Loss 0.1074, Train Micro AUROC 0.9916 Train Micro AUPRC 0.9893 Train Macro AUROC 0.9876 Train Macro AUPRC 0.9842
----- AUROC Performance in Each Relation -----
('gene/protein', 'molfunc_protein', 'molecular_function'): 0.9985559713197429
('molecular_function', 'rev_molfunc_protein', 'gene/protein'): 0.9765598742158677
----- AUPRC Performance in Each Relation -----
('gene/protein', 'molfunc_protein', 'molecular_function'): 0.9978676904940531
('molecular_function', 'rev_molfunc_protein', 'gene/protein'): 0.9705021352719674
----------------------------------------------
Epoch: 170 LR: 0.00050 Loss 0.1078, Train Micro AUROC 0.9916 Train Micro AUPRC 0.9891 Train Macro AUROC 0.9874 Train Macro AUPRC 0.9838
----- AUROC Performance in Each Relation -----
('gene/protein', 'molfunc_protein', 'molecular_function'): 0.9985231583507763
('molecular_function', 'rev_molfunc_protein', 'gene/protein'): 0.9763342959994623
----- AUPRC Performance in Each Relation -----
('gene/protein', 'molfunc_protein', 'molecular_function'): 0.9978260364429745
('molecular_function', 'rev_molfunc_protein', 'gene/protein'): 0.9698326001181702
----------------------------------------------
Epoch: 175 LR: 0.00050 Loss 0.1057, Train Micro AUROC 0.9919 Train Micro AUPRC 0.9895 Train Macro AUROC 0.9879 Train Macro AUPRC 0.9844
----- AUROC Performance in Each Relation -----
('gene/protein', 'molfunc_protein', 'molecular_function'): 0.9986696489943381
('molecular_function', 'rev_molfunc_protein', 'gene/protein'): 0.9771439797290126
----- AUPRC Performance in Each Relation -----
('gene/protein', 'molfunc_protein', 'molecular_function'): 0.9979675765494402
('molecular_function', 'rev_molfunc_protein', 'gene/protein'): 0.9708623502382059
----------------------------------------------
Epoch: 180 LR: 0.00050 Loss 0.1070, Train Micro AUROC 0.9917 Train Micro AUPRC 0.9892 Train Macro AUROC 0.9876 Train Macro AUPRC 0.9840
----- AUROC Performance in Each Relation -----
('gene/protein', 'molfunc_protein', 'molecular_function'): 0.9984860023105648
('molecular_function', 'rev_molfunc_protein', 'gene/protein'): 0.9766578491194292
----- AUPRC Performance in Each Relation -----
('gene/protein', 'molfunc_protein', 'molecular_function'): 0.9977054264933003
('molecular_function', 'rev_molfunc_protein', 'gene/protein'): 0.9703707822566381
----------------------------------------------
Epoch: 185 LR: 0.00050 Loss 0.1062, Train Micro AUROC 0.9920 Train Micro AUPRC 0.9895 Train Macro AUROC 0.9879 Train Macro AUPRC 0.9843
----- AUROC Performance in Each Relation -----
('gene/protein', 'molfunc_protein', 'molecular_function'): 0.9987853643919802
('molecular_function', 'rev_molfunc_protein', 'gene/protein'): 0.9770988567514853
----- AUPRC Performance in Each Relation -----
('gene/protein', 'molfunc_protein', 'molecular_function'): 0.9982230460736393
('molecular_function', 'rev_molfunc_protein', 'gene/protein'): 0.9704222598212615
----------------------------------------------
Epoch: 190 LR: 0.00050 Loss 0.1048, Train Micro AUROC 0.9920 Train Micro AUPRC 0.9894 Train Macro AUROC 0.9881 Train Macro AUPRC 0.9845
----- AUROC Performance in Each Relation -----
('gene/protein', 'molfunc_protein', 'molecular_function'): 0.9984506678576517
('molecular_function', 'rev_molfunc_protein', 'gene/protein'): 0.9777307927764748
----- AUPRC Performance in Each Relation -----
('gene/protein', 'molfunc_protein', 'molecular_function'): 0.9975208592299853
('molecular_function', 'rev_molfunc_protein', 'gene/protein'): 0.9714435557292
----------------------------------------------
Epoch: 195 LR: 0.00050 Loss 0.1047, Train Micro AUROC 0.9922 Train Micro AUPRC 0.9899 Train Macro AUROC 0.9882 Train Macro AUPRC 0.9848
----- AUROC Performance in Each Relation -----
('gene/protein', 'molfunc_protein', 'molecular_function'): 0.9987456618715131
('molecular_function', 'rev_molfunc_protein', 'gene/protein'): 0.977656230433606
----- AUPRC Performance in Each Relation -----
('gene/protein', 'molfunc_protein', 'molecular_function'): 0.998164228264116
('molecular_function', 'rev_molfunc_protein', 'gene/protein'): 0.971478439630159
----------------------------------------------
Epoch: 200 LR: 0.00050 Loss 0.1058, Train Micro AUROC 0.9921 Train Micro AUPRC 0.9894 Train Macro AUROC 0.9880 Train Macro AUPRC 0.9842
----- AUROC Performance in Each Relation -----
('gene/protein', 'molfunc_protein', 'molecular_function'): 0.9986355294817784
('molecular_function', 'rev_molfunc_protein', 'gene/protein'): 0.9773001711855899
----- AUPRC Performance in Each Relation -----
('gene/protein', 'molfunc_protein', 'molecular_function'): 0.9976237177994786
('molecular_function', 'rev_molfunc_protein', 'gene/protein'): 0.970870054416488
----------------------------------------------
Validation.....
Epoch: 200 LR: 0.00050 Validation Loss 0.7061,  Validation Micro AUROC 0.8989 Validation Micro AUPRC 0.8955 Validation Macro AUROC 0.8865 Validation Macro AUPRC 0.8795 (Best Macro AUROC 0.9028)
----- AUROC Performance in Each Relation -----
('gene/protein', 'molfunc_protein', 'molecular_function'): 0.954673130936909
('molecular_function', 'rev_molfunc_protein', 'gene/protein'): 0.8182965678586667
----- AUPRC Performance in Each Relation -----
('gene/protein', 'molfunc_protein', 'molecular_function'): 0.9538236575851082
('molecular_function', 'rev_molfunc_protein', 'gene/protein'): 0.805248570623786
----------------------------------------------
Epoch: 205 LR: 0.00040 Loss 0.1028, Train Micro AUROC 0.9924 Train Micro AUPRC 0.9903 Train Macro AUROC 0.9884 Train Macro AUPRC 0.9853
----- AUROC Performance in Each Relation -----
('gene/protein', 'molfunc_protein', 'molecular_function'): 0.9986387065575383
('molecular_function', 'rev_molfunc_protein', 'gene/protein'): 0.9780743068710127
----- AUPRC Performance in Each Relation -----
('gene/protein', 'molfunc_protein', 'molecular_function'): 0.9979571303477575
('molecular_function', 'rev_molfunc_protein', 'gene/protein'): 0.9726336817557346
----------------------------------------------
Epoch: 210 LR: 0.00040 Loss 0.1041, Train Micro AUROC 0.9922 Train Micro AUPRC 0.9897 Train Macro AUROC 0.9883 Train Macro AUPRC 0.9848
----- AUROC Performance in Each Relation -----
('gene/protein', 'molfunc_protein', 'molecular_function'): 0.9985454891849774
('molecular_function', 'rev_molfunc_protein', 'gene/protein'): 0.9780214507539804
----- AUPRC Performance in Each Relation -----
('gene/protein', 'molfunc_protein', 'molecular_function'): 0.9977639695475449
('molecular_function', 'rev_molfunc_protein', 'gene/protein'): 0.9718795643871666
----------------------------------------------
Epoch: 215 LR: 0.00040 Loss 0.1003, Train Micro AUROC 0.9926 Train Micro AUPRC 0.9905 Train Macro AUROC 0.9887 Train Macro AUPRC 0.9856
----- AUROC Performance in Each Relation -----
('gene/protein', 'molfunc_protein', 'molecular_function'): 0.9987292862956393
('molecular_function', 'rev_molfunc_protein', 'gene/protein'): 0.9785799851928392
----- AUPRC Performance in Each Relation -----
('gene/protein', 'molfunc_protein', 'molecular_function'): 0.9980065384175448
('molecular_function', 'rev_molfunc_protein', 'gene/protein'): 0.9732029397887266
----------------------------------------------
Epoch: 220 LR: 0.00040 Loss 0.1005, Train Micro AUROC 0.9926 Train Micro AUPRC 0.9903 Train Macro AUROC 0.9885 Train Macro AUPRC 0.9852
----- AUROC Performance in Each Relation -----
('gene/protein', 'molfunc_protein', 'molecular_function'): 0.9988291646606369
('molecular_function', 'rev_molfunc_protein', 'gene/protein'): 0.9782412189001998
----- AUPRC Performance in Each Relation -----
('gene/protein', 'molfunc_protein', 'molecular_function'): 0.9981330818967757
('molecular_function', 'rev_molfunc_protein', 'gene/protein'): 0.9723333299597731
----------------------------------------------
Epoch: 225 LR: 0.00040 Loss 0.1008, Train Micro AUROC 0.9926 Train Micro AUPRC 0.9904 Train Macro AUROC 0.9886 Train Macro AUPRC 0.9855
----- AUROC Performance in Each Relation -----
('gene/protein', 'molfunc_protein', 'molecular_function'): 0.9987867701724162
('molecular_function', 'rev_molfunc_protein', 'gene/protein'): 0.9785071529837079
----- AUPRC Performance in Each Relation -----
('gene/protein', 'molfunc_protein', 'molecular_function'): 0.9981964766525558
('molecular_function', 'rev_molfunc_protein', 'gene/protein'): 0.9728608081335722
----------------------------------------------
Epoch: 230 LR: 0.00040 Loss 0.0984, Train Micro AUROC 0.9929 Train Micro AUPRC 0.9908 Train Macro AUROC 0.9890 Train Macro AUPRC 0.9860
----- AUROC Performance in Each Relation -----
('gene/protein', 'molfunc_protein', 'molecular_function'): 0.9988722289601278
('molecular_function', 'rev_molfunc_protein', 'gene/protein'): 0.9790723386859008
----- AUPRC Performance in Each Relation -----
('gene/protein', 'molfunc_protein', 'molecular_function'): 0.9982592514139894
('molecular_function', 'rev_molfunc_protein', 'gene/protein'): 0.9737958209942458
----------------------------------------------
Epoch: 235 LR: 0.00040 Loss 0.1004, Train Micro AUROC 0.9925 Train Micro AUPRC 0.9901 Train Macro AUROC 0.9885 Train Macro AUPRC 0.9850
----- AUROC Performance in Each Relation -----
('gene/protein', 'molfunc_protein', 'molecular_function'): 0.9987342500836079
('molecular_function', 'rev_molfunc_protein', 'gene/protein'): 0.9783508393894778
----- AUPRC Performance in Each Relation -----
('gene/protein', 'molfunc_protein', 'molecular_function'): 0.9980918114206124
('molecular_function', 'rev_molfunc_protein', 'gene/protein'): 0.971998011355879
----------------------------------------------
Epoch: 240 LR: 0.00040 Loss 0.0994, Train Micro AUROC 0.9928 Train Micro AUPRC 0.9904 Train Macro AUROC 0.9888 Train Macro AUPRC 0.9856
----- AUROC Performance in Each Relation -----
('gene/protein', 'molfunc_protein', 'molecular_function'): 0.9986857192260796
('molecular_function', 'rev_molfunc_protein', 'gene/protein'): 0.9789916390756538
----- AUPRC Performance in Each Relation -----
('gene/protein', 'molfunc_protein', 'molecular_function'): 0.9979231843113772
('molecular_function', 'rev_molfunc_protein', 'gene/protein'): 0.9732900654865654
----------------------------------------------
Epoch: 245 LR: 0.00032 Loss 0.0987, Train Micro AUROC 0.9927 Train Micro AUPRC 0.9906 Train Macro AUROC 0.9887 Train Macro AUPRC 0.9856
----- AUROC Performance in Each Relation -----
('gene/protein', 'molfunc_protein', 'molecular_function'): 0.9986900230815586
('molecular_function', 'rev_molfunc_protein', 'gene/protein'): 0.9787924431909839
----- AUPRC Performance in Each Relation -----
('gene/protein', 'molfunc_protein', 'molecular_function'): 0.9978999001974235
('molecular_function', 'rev_molfunc_protein', 'gene/protein'): 0.9733481856142816
----------------------------------------------
Epoch: 250 LR: 0.00032 Loss 0.0984, Train Micro AUROC 0.9929 Train Micro AUPRC 0.9908 Train Macro AUROC 0.9890 Train Macro AUPRC 0.9860
----- AUROC Performance in Each Relation -----
('gene/protein', 'molfunc_protein', 'molecular_function'): 0.9987988842518255
('molecular_function', 'rev_molfunc_protein', 'gene/protein'): 0.979213867636993
----- AUPRC Performance in Each Relation -----
('gene/protein', 'molfunc_protein', 'molecular_function'): 0.9981409995687249
('molecular_function', 'rev_molfunc_protein', 'gene/protein'): 0.973847074562391
----------------------------------------------
Validation.....
Epoch: 250 LR: 0.00032 Validation Loss 0.8395,  Validation Micro AUROC 0.8945 Validation Micro AUPRC 0.8906 Validation Macro AUROC 0.8821 Validation Macro AUPRC 0.8741 (Best Macro AUROC 0.9028)
----- AUROC Performance in Each Relation -----
('gene/protein', 'molfunc_protein', 'molecular_function'): 0.9512790033050079
('molecular_function', 'rev_molfunc_protein', 'gene/protein'): 0.8129357515055908
----- AUPRC Performance in Each Relation -----
('gene/protein', 'molfunc_protein', 'molecular_function'): 0.9501155328813113
('molecular_function', 'rev_molfunc_protein', 'gene/protein'): 0.7980604052239397
----------------------------------------------
Epoch: 255 LR: 0.00026 Loss 0.0982, Train Micro AUROC 0.9928 Train Micro AUPRC 0.9904 Train Macro AUROC 0.9890 Train Macro AUPRC 0.9856
----- AUROC Performance in Each Relation -----
('gene/protein', 'molfunc_protein', 'molecular_function'): 0.9989022448870365
('molecular_function', 'rev_molfunc_protein', 'gene/protein'): 0.9790860565703967
----- AUPRC Performance in Each Relation -----
('gene/protein', 'molfunc_protein', 'molecular_function'): 0.9983106477457538
('molecular_function', 'rev_molfunc_protein', 'gene/protein'): 0.9728928111686573
----------------------------------------------
Epoch: 260 LR: 0.00026 Loss 0.1004, Train Micro AUROC 0.9928 Train Micro AUPRC 0.9903 Train Macro AUROC 0.9889 Train Macro AUPRC 0.9855
----- AUROC Performance in Each Relation -----
('gene/protein', 'molfunc_protein', 'molecular_function'): 0.9987373915358856
('molecular_function', 'rev_molfunc_protein', 'gene/protein'): 0.9790528054924719
----- AUPRC Performance in Each Relation -----
('gene/protein', 'molfunc_protein', 'molecular_function'): 0.997969471526285
('molecular_function', 'rev_molfunc_protein', 'gene/protein'): 0.9730319439395283
----------------------------------------------
Epoch: 265 LR: 0.00026 Loss 0.0965, Train Micro AUROC 0.9929 Train Micro AUPRC 0.9907 Train Macro AUROC 0.9891 Train Macro AUPRC 0.9859
----- AUROC Performance in Each Relation -----
('gene/protein', 'molfunc_protein', 'molecular_function'): 0.9988798564266141
('molecular_function', 'rev_molfunc_protein', 'gene/protein'): 0.979265031339269
----- AUPRC Performance in Each Relation -----
('gene/protein', 'molfunc_protein', 'molecular_function'): 0.9982864933320681
('molecular_function', 'rev_molfunc_protein', 'gene/protein'): 0.9734749565099584
----------------------------------------------
Epoch: 270 LR: 0.00026 Loss 0.0974, Train Micro AUROC 0.9930 Train Micro AUPRC 0.9908 Train Macro AUROC 0.9891 Train Macro AUPRC 0.9860
----- AUROC Performance in Each Relation -----
('gene/protein', 'molfunc_protein', 'molecular_function'): 0.9988565851624218
('molecular_function', 'rev_molfunc_protein', 'gene/protein'): 0.9794297409990633
----- AUPRC Performance in Each Relation -----
('gene/protein', 'molfunc_protein', 'molecular_function'): 0.9981509007645234
('molecular_function', 'rev_molfunc_protein', 'gene/protein'): 0.9739130405186966
----------------------------------------------
Epoch: 275 LR: 0.00026 Loss 0.0961, Train Micro AUROC 0.9932 Train Micro AUPRC 0.9910 Train Macro AUROC 0.9895 Train Macro AUPRC 0.9865
----- AUROC Performance in Each Relation -----
('gene/protein', 'molfunc_protein', 'molecular_function'): 0.9988192713610753
('molecular_function', 'rev_molfunc_protein', 'gene/protein'): 0.9801794927103532
----- AUPRC Performance in Each Relation -----
('gene/protein', 'molfunc_protein', 'molecular_function'): 0.9979473210065319
('molecular_function', 'rev_molfunc_protein', 'gene/protein'): 0.9750385744003198
----------------------------------------------
Epoch: 280 LR: 0.00026 Loss 0.0960, Train Micro AUROC 0.9931 Train Micro AUPRC 0.9911 Train Macro AUROC 0.9893 Train Macro AUPRC 0.9863
----- AUROC Performance in Each Relation -----
('gene/protein', 'molfunc_protein', 'molecular_function'): 0.9988653676978633
('molecular_function', 'rev_molfunc_protein', 'gene/protein'): 0.9796853173306362
----- AUPRC Performance in Each Relation -----
('gene/protein', 'molfunc_protein', 'molecular_function'): 0.9982171480291367
('molecular_function', 'rev_molfunc_protein', 'gene/protein'): 0.9744758483018512
----------------------------------------------
Epoch: 285 LR: 0.00020 Loss 0.0944, Train Micro AUROC 0.9933 Train Micro AUPRC 0.9912 Train Macro AUROC 0.9895 Train Macro AUPRC 0.9867
----- AUROC Performance in Each Relation -----
('gene/protein', 'molfunc_protein', 'molecular_function'): 0.9989317876802186
('molecular_function', 'rev_molfunc_protein', 'gene/protein'): 0.9801619605687395
----- AUPRC Performance in Each Relation -----
('gene/protein', 'molfunc_protein', 'molecular_function'): 0.9983700752910943
('molecular_function', 'rev_molfunc_protein', 'gene/protein'): 0.9749477695244072
----------------------------------------------
Epoch: 290 LR: 0.00020 Loss 0.0956, Train Micro AUROC 0.9932 Train Micro AUPRC 0.9910 Train Macro AUROC 0.9892 Train Macro AUPRC 0.9862
----- AUROC Performance in Each Relation -----
('gene/protein', 'molfunc_protein', 'molecular_function'): 0.9989599384633863
('molecular_function', 'rev_molfunc_protein', 'gene/protein'): 0.9795396422852001
----- AUPRC Performance in Each Relation -----
('gene/protein', 'molfunc_protein', 'molecular_function'): 0.9982060449726017
('molecular_function', 'rev_molfunc_protein', 'gene/protein'): 0.974284126493758
----------------------------------------------
Epoch: 295 LR: 0.00020 Loss 0.0954, Train Micro AUROC 0.9932 Train Micro AUPRC 0.9912 Train Macro AUROC 0.9894 Train Macro AUPRC 0.9864
----- AUROC Performance in Each Relation -----
('gene/protein', 'molfunc_protein', 'molecular_function'): 0.9989882983474132
('molecular_function', 'rev_molfunc_protein', 'gene/protein'): 0.9798154048574806
----- AUPRC Performance in Each Relation -----
('gene/protein', 'molfunc_protein', 'molecular_function'): 0.9983944073931859
('molecular_function', 'rev_molfunc_protein', 'gene/protein'): 0.9743614392210858
----------------------------------------------
Epoch: 300 LR: 0.00016 Loss 0.0966, Train Micro AUROC 0.9932 Train Micro AUPRC 0.9909 Train Macro AUROC 0.9894 Train Macro AUPRC 0.9862
----- AUROC Performance in Each Relation -----
('gene/protein', 'molfunc_protein', 'molecular_function'): 0.9989255820097672
('molecular_function', 'rev_molfunc_protein', 'gene/protein'): 0.9799301275873362
----- AUPRC Performance in Each Relation -----
('gene/protein', 'molfunc_protein', 'molecular_function'): 0.9982972216784736
('molecular_function', 'rev_molfunc_protein', 'gene/protein'): 0.9741926634562847
----------------------------------------------
Validation.....
Epoch: 300 LR: 0.00016 Validation Loss 0.8994,  Validation Micro AUROC 0.8922 Validation Micro AUPRC 0.8876 Validation Macro AUROC 0.8799 Validation Macro AUPRC 0.8712 (Best Macro AUROC 0.9028)
----- AUROC Performance in Each Relation -----
('gene/protein', 'molfunc_protein', 'molecular_function'): 0.9497402235725461
('molecular_function', 'rev_molfunc_protein', 'gene/protein'): 0.8100820030799063
----- AUPRC Performance in Each Relation -----
('gene/protein', 'molfunc_protein', 'molecular_function'): 0.9483002031369943
('molecular_function', 'rev_molfunc_protein', 'gene/protein'): 0.7940936635749063
----------------------------------------------
Epoch: 305 LR: 0.00016 Loss 0.0931, Train Micro AUROC 0.9936 Train Micro AUPRC 0.9917 Train Macro AUROC 0.9899 Train Macro AUPRC 0.9872
----- AUROC Performance in Each Relation -----
('gene/protein', 'molfunc_protein', 'molecular_function'): 0.9990705802090436
('molecular_function', 'rev_molfunc_protein', 'gene/protein'): 0.9808165686949013
----- AUPRC Performance in Each Relation -----
('gene/protein', 'molfunc_protein', 'molecular_function'): 0.998587246908353
('molecular_function', 'rev_molfunc_protein', 'gene/protein'): 0.9758126242387617
----------------------------------------------
Epoch: 310 LR: 0.00013 Loss 0.0935, Train Micro AUROC 0.9934 Train Micro AUPRC 0.9916 Train Macro AUROC 0.9897 Train Macro AUPRC 0.9870
----- AUROC Performance in Each Relation -----
('gene/protein', 'molfunc_protein', 'molecular_function'): 0.9989772891946628
('molecular_function', 'rev_molfunc_protein', 'gene/protein'): 0.9804096841676889
----- AUPRC Performance in Each Relation -----
('gene/protein', 'molfunc_protein', 'molecular_function'): 0.9984399976630184
('molecular_function', 'rev_molfunc_protein', 'gene/protein'): 0.975583991018862
----------------------------------------------
Epoch: 315 LR: 0.00013 Loss 0.0948, Train Micro AUROC 0.9932 Train Micro AUPRC 0.9909 Train Macro AUROC 0.9894 Train Macro AUPRC 0.9862
----- AUROC Performance in Each Relation -----
('gene/protein', 'molfunc_protein', 'molecular_function'): 0.9987838426107095
('molecular_function', 'rev_molfunc_protein', 'gene/protein'): 0.9799345555262884
----- AUPRC Performance in Each Relation -----
('gene/protein', 'molfunc_protein', 'molecular_function'): 0.9979594122516471
('molecular_function', 'rev_molfunc_protein', 'gene/protein'): 0.9745296650777227
----------------------------------------------
Epoch: 320 LR: 0.00010 Loss 0.0948, Train Micro AUROC 0.9933 Train Micro AUPRC 0.9911 Train Macro AUROC 0.9895 Train Macro AUPRC 0.9865
----- AUROC Performance in Each Relation -----
('gene/protein', 'molfunc_protein', 'molecular_function'): 0.9987641275579077
('molecular_function', 'rev_molfunc_protein', 'gene/protein'): 0.9801558617687345
----- AUPRC Performance in Each Relation -----
('gene/protein', 'molfunc_protein', 'molecular_function'): 0.9978171070651946
('molecular_function', 'rev_molfunc_protein', 'gene/protein'): 0.9751165205604617
----------------------------------------------
Epoch: 325 LR: 0.00010 Loss 0.0924, Train Micro AUROC 0.9936 Train Micro AUPRC 0.9917 Train Macro AUROC 0.9899 Train Macro AUPRC 0.9873
----- AUROC Performance in Each Relation -----
('gene/protein', 'molfunc_protein', 'molecular_function'): 0.9989320493182299
('molecular_function', 'rev_molfunc_protein', 'gene/protein'): 0.9808430614893671
----- AUPRC Performance in Each Relation -----
('gene/protein', 'molfunc_protein', 'molecular_function'): 0.9983849881818477
('molecular_function', 'rev_molfunc_protein', 'gene/protein'): 0.9761710808522348
----------------------------------------------
Epoch: 330 LR: 0.00010 Loss 0.0944, Train Micro AUROC 0.9933 Train Micro AUPRC 0.9912 Train Macro AUROC 0.9895 Train Macro AUPRC 0.9865
----- AUROC Performance in Each Relation -----
('gene/protein', 'molfunc_protein', 'molecular_function'): 0.9988819460880992
('molecular_function', 'rev_molfunc_protein', 'gene/protein'): 0.9800732154399658
----- AUPRC Performance in Each Relation -----
('gene/protein', 'molfunc_protein', 'molecular_function'): 0.9981310699197641
('molecular_function', 'rev_molfunc_protein', 'gene/protein'): 0.9748751487439351
----------------------------------------------
Epoch: 335 LR: 0.00010 Loss 0.0958, Train Micro AUROC 0.9930 Train Micro AUPRC 0.9908 Train Macro AUROC 0.9893 Train Macro AUPRC 0.9861
----- AUROC Performance in Each Relation -----
('gene/protein', 'molfunc_protein', 'molecular_function'): 0.998804843551472
('molecular_function', 'rev_molfunc_protein', 'gene/protein'): 0.979712902478767
----- AUPRC Performance in Each Relation -----
('gene/protein', 'molfunc_protein', 'molecular_function'): 0.9981604388988219
('molecular_function', 'rev_molfunc_protein', 'gene/protein'): 0.9740190608814296
----------------------------------------------
Epoch: 340 LR: 0.00010 Loss 0.0951, Train Micro AUROC 0.9932 Train Micro AUPRC 0.9910 Train Macro AUROC 0.9893 Train Macro AUPRC 0.9862
----- AUROC Performance in Each Relation -----
('gene/protein', 'molfunc_protein', 'molecular_function'): 0.9989128075488328
('molecular_function', 'rev_molfunc_protein', 'gene/protein'): 0.9796123688213132
----- AUPRC Performance in Each Relation -----
('gene/protein', 'molfunc_protein', 'molecular_function'): 0.9983555336641703
('molecular_function', 'rev_molfunc_protein', 'gene/protein'): 0.9741440084686092
----------------------------------------------
Epoch: 345 LR: 0.00010 Loss 0.0944, Train Micro AUROC 0.9933 Train Micro AUPRC 0.9914 Train Macro AUROC 0.9894 Train Macro AUPRC 0.9865
----- AUROC Performance in Each Relation -----
('gene/protein', 'molfunc_protein', 'molecular_function'): 0.9990016884360025
('molecular_function', 'rev_molfunc_protein', 'gene/protein'): 0.9797757014389428
----- AUPRC Performance in Each Relation -----
('gene/protein', 'molfunc_protein', 'molecular_function'): 0.9983420657897593
('molecular_function', 'rev_molfunc_protein', 'gene/protein'): 0.974727079479155
----------------------------------------------
Epoch: 350 LR: 0.00008 Loss 0.0934, Train Micro AUROC 0.9933 Train Micro AUPRC 0.9913 Train Macro AUROC 0.9894 Train Macro AUPRC 0.9865
----- AUROC Performance in Each Relation -----
('gene/protein', 'molfunc_protein', 'molecular_function'): 0.9988583539132111
('molecular_function', 'rev_molfunc_protein', 'gene/protein'): 0.9799830232194913
----- AUPRC Performance in Each Relation -----
('gene/protein', 'molfunc_protein', 'molecular_function'): 0.9981216114166463
('molecular_function', 'rev_molfunc_protein', 'gene/protein'): 0.9748996653041178
----------------------------------------------
Validation.....
Epoch: 350 LR: 0.00008 Validation Loss 0.9436,  Validation Micro AUROC 0.8905 Validation Micro AUPRC 0.8856 Validation Macro AUROC 0.8783 Validation Macro AUPRC 0.8690 (Best Macro AUROC 0.9028)
----- AUROC Performance in Each Relation -----
('gene/protein', 'molfunc_protein', 'molecular_function'): 0.9486797136128081
('molecular_function', 'rev_molfunc_protein', 'gene/protein'): 0.8078890465170102
----- AUPRC Performance in Each Relation -----
('gene/protein', 'molfunc_protein', 'molecular_function'): 0.9472648206255779
('molecular_function', 'rev_molfunc_protein', 'gene/protein'): 0.7908295078894074
----------------------------------------------
Epoch: 355 LR: 0.00008 Loss 0.0947, Train Micro AUROC 0.9933 Train Micro AUPRC 0.9910 Train Macro AUROC 0.9895 Train Macro AUPRC 0.9863
----- AUROC Performance in Each Relation -----
('gene/protein', 'molfunc_protein', 'molecular_function'): 0.9988300217197059
('molecular_function', 'rev_molfunc_protein', 'gene/protein'): 0.9802389307895761
----- AUPRC Performance in Each Relation -----
('gene/protein', 'molfunc_protein', 'molecular_function'): 0.9980884789678582
('molecular_function', 'rev_molfunc_protein', 'gene/protein'): 0.9746055216289861
----------------------------------------------
Epoch: 360 LR: 0.00007 Loss 0.0925, Train Micro AUROC 0.9933 Train Micro AUPRC 0.9912 Train Macro AUROC 0.9895 Train Macro AUPRC 0.9866
----- AUROC Performance in Each Relation -----
('gene/protein', 'molfunc_protein', 'molecular_function'): 0.9988302311199221
('molecular_function', 'rev_molfunc_protein', 'gene/protein'): 0.9801501207003352
----- AUPRC Performance in Each Relation -----
('gene/protein', 'molfunc_protein', 'molecular_function'): 0.9981730383621067
('molecular_function', 'rev_molfunc_protein', 'gene/protein'): 0.9749514628911358
----------------------------------------------
Epoch: 365 LR: 0.00007 Loss 0.0928, Train Micro AUROC 0.9935 Train Micro AUPRC 0.9915 Train Macro AUROC 0.9897 Train Macro AUPRC 0.9869
----- AUROC Performance in Each Relation -----
('gene/protein', 'molfunc_protein', 'molecular_function'): 0.9989874022222567
('molecular_function', 'rev_molfunc_protein', 'gene/protein'): 0.9804206386877884
----- AUPRC Performance in Each Relation -----
('gene/protein', 'molfunc_protein', 'molecular_function'): 0.9983721272056878
('molecular_function', 'rev_molfunc_protein', 'gene/protein'): 0.9753941074852928
----------------------------------------------
Epoch: 370 LR: 0.00005 Loss 0.0936, Train Micro AUROC 0.9934 Train Micro AUPRC 0.9910 Train Macro AUROC 0.9897 Train Macro AUPRC 0.9864
----- AUROC Performance in Each Relation -----
('gene/protein', 'molfunc_protein', 'molecular_function'): 0.9988144353985424
('molecular_function', 'rev_molfunc_protein', 'gene/protein'): 0.9805425679881989
----- AUPRC Performance in Each Relation -----
('gene/protein', 'molfunc_protein', 'molecular_function'): 0.9979395803751896
('molecular_function', 'rev_molfunc_protein', 'gene/protein'): 0.9749033449382574
----------------------------------------------
Epoch: 375 LR: 0.00005 Loss 0.0934, Train Micro AUROC 0.9935 Train Micro AUPRC 0.9916 Train Macro AUROC 0.9897 Train Macro AUPRC 0.9869
----- AUROC Performance in Each Relation -----
('gene/protein', 'molfunc_protein', 'molecular_function'): 0.9989571102882012
('molecular_function', 'rev_molfunc_protein', 'gene/protein'): 0.9804455059737857
----- AUPRC Performance in Each Relation -----
('gene/protein', 'molfunc_protein', 'molecular_function'): 0.9983189145983773
('molecular_function', 'rev_molfunc_protein', 'gene/protein'): 0.9755665028379833
----------------------------------------------
Epoch: 380 LR: 0.00005 Loss 0.0909, Train Micro AUROC 0.9936 Train Micro AUPRC 0.9918 Train Macro AUROC 0.9897 Train Macro AUPRC 0.9871
----- AUROC Performance in Each Relation -----
('gene/protein', 'molfunc_protein', 'molecular_function'): 0.9991100724312234
('molecular_function', 'rev_molfunc_protein', 'gene/protein'): 0.9803008842159272
----- AUPRC Performance in Each Relation -----
('gene/protein', 'molfunc_protein', 'molecular_function'): 0.9986121365554933
('molecular_function', 'rev_molfunc_protein', 'gene/protein'): 0.9756116630343891
----------------------------------------------
Epoch: 385 LR: 0.00005 Loss 0.0931, Train Micro AUROC 0.9934 Train Micro AUPRC 0.9914 Train Macro AUROC 0.9896 Train Macro AUPRC 0.9867
----- AUROC Performance in Each Relation -----
('gene/protein', 'molfunc_protein', 'molecular_function'): 0.9989873938402608
('molecular_function', 'rev_molfunc_protein', 'gene/protein'): 0.9802982220341943
----- AUPRC Performance in Each Relation -----
('gene/protein', 'molfunc_protein', 'molecular_function'): 0.9983100013619782
('molecular_function', 'rev_molfunc_protein', 'gene/protein'): 0.9751698689766172
----------------------------------------------
Epoch: 390 LR: 0.00005 Loss 0.0940, Train Micro AUROC 0.9933 Train Micro AUPRC 0.9911 Train Macro AUROC 0.9895 Train Macro AUPRC 0.9866
----- AUROC Performance in Each Relation -----
('gene/protein', 'molfunc_protein', 'molecular_function'): 0.9987351984465596
('molecular_function', 'rev_molfunc_protein', 'gene/protein'): 0.9803428215860205
----- AUPRC Performance in Each Relation -----
('gene/protein', 'molfunc_protein', 'molecular_function'): 0.9979820027021681
('molecular_function', 'rev_molfunc_protein', 'gene/protein'): 0.9751252973095623
----------------------------------------------
Epoch: 395 LR: 0.00004 Loss 0.0936, Train Micro AUROC 0.9934 Train Micro AUPRC 0.9913 Train Macro AUROC 0.9896 Train Macro AUPRC 0.9867
----- AUROC Performance in Each Relation -----
('gene/protein', 'molfunc_protein', 'molecular_function'): 0.9990092832725768
('molecular_function', 'rev_molfunc_protein', 'gene/protein'): 0.9802479805011333
----- AUPRC Performance in Each Relation -----
('gene/protein', 'molfunc_protein', 'molecular_function'): 0.9985223179785754
('molecular_function', 'rev_molfunc_protein', 'gene/protein'): 0.9748582134895825
----------------------------------------------
Epoch: 400 LR: 0.00004 Loss 0.0931, Train Micro AUROC 0.9935 Train Micro AUPRC 0.9915 Train Macro AUROC 0.9897 Train Macro AUPRC 0.9868
----- AUROC Performance in Each Relation -----
('gene/protein', 'molfunc_protein', 'molecular_function'): 0.9990537306013724
('molecular_function', 'rev_molfunc_protein', 'gene/protein'): 0.9803138357465225
----- AUPRC Performance in Each Relation -----
('gene/protein', 'molfunc_protein', 'molecular_function'): 0.9985758013836655
('molecular_function', 'rev_molfunc_protein', 'gene/protein'): 0.9750698329639432
----------------------------------------------
Validation.....
Epoch: 400 LR: 0.00004 Validation Loss 0.9550,  Validation Micro AUROC 0.8901 Validation Micro AUPRC 0.8848 Validation Macro AUROC 0.8778 Validation Macro AUPRC 0.8682 (Best Macro AUROC 0.9028)
----- AUROC Performance in Each Relation -----
('gene/protein', 'molfunc_protein', 'molecular_function'): 0.9485342782396136
('molecular_function', 'rev_molfunc_protein', 'gene/protein'): 0.8071384090207686
----- AUPRC Performance in Each Relation -----
('gene/protein', 'molfunc_protein', 'molecular_function'): 0.9468868117781086
('molecular_function', 'rev_molfunc_protein', 'gene/protein'): 0.789593922477918
----------------------------------------------
Epoch: 405 LR: 0.00003 Loss 0.0939, Train Micro AUROC 0.9934 Train Micro AUPRC 0.9913 Train Macro AUROC 0.9896 Train Macro AUPRC 0.9866
----- AUROC Performance in Each Relation -----
('gene/protein', 'molfunc_protein', 'molecular_function'): 0.9989521902063535
('molecular_function', 'rev_molfunc_protein', 'gene/protein'): 0.980211870414253
----- AUPRC Performance in Each Relation -----
('gene/protein', 'molfunc_protein', 'molecular_function'): 0.9982289974153365
('molecular_function', 'rev_molfunc_protein', 'gene/protein'): 0.9750091047448977
----------------------------------------------
Epoch: 410 LR: 0.00003 Loss 0.0932, Train Micro AUROC 0.9934 Train Micro AUPRC 0.9914 Train Macro AUROC 0.9895 Train Macro AUPRC 0.9867
----- AUROC Performance in Each Relation -----
('gene/protein', 'molfunc_protein', 'molecular_function'): 0.9988933270422344
('molecular_function', 'rev_molfunc_protein', 'gene/protein'): 0.9801615984964572
----- AUPRC Performance in Each Relation -----
('gene/protein', 'molfunc_protein', 'molecular_function'): 0.9981722007616303
('molecular_function', 'rev_molfunc_protein', 'gene/protein'): 0.9752081662551529
----------------------------------------------
Epoch: 415 LR: 0.00003 Loss 0.0951, Train Micro AUROC 0.9931 Train Micro AUPRC 0.9909 Train Macro AUROC 0.9893 Train Macro AUPRC 0.9862
----- AUROC Performance in Each Relation -----
('gene/protein', 'molfunc_protein', 'molecular_function'): 0.9987616090675311
('molecular_function', 'rev_molfunc_protein', 'gene/protein'): 0.9797480561200564
----- AUPRC Performance in Each Relation -----
('gene/protein', 'molfunc_protein', 'molecular_function'): 0.9979659133431809
('molecular_function', 'rev_molfunc_protein', 'gene/protein'): 0.9744349206287504
----------------------------------------------
Epoch: 420 LR: 0.00003 Loss 0.0937, Train Micro AUROC 0.9935 Train Micro AUPRC 0.9915 Train Macro AUROC 0.9896 Train Macro AUPRC 0.9869
----- AUROC Performance in Each Relation -----
('gene/protein', 'molfunc_protein', 'molecular_function'): 0.9990247220107432
('molecular_function', 'rev_molfunc_protein', 'gene/protein'): 0.9801479814952679
----- AUPRC Performance in Each Relation -----
('gene/protein', 'molfunc_protein', 'molecular_function'): 0.9984435771198796
('molecular_function', 'rev_molfunc_protein', 'gene/protein'): 0.9752923690329218
----------------------------------------------
Epoch: 425 LR: 0.00002 Loss 0.0953, Train Micro AUROC 0.9932 Train Micro AUPRC 0.9909 Train Macro AUROC 0.9893 Train Macro AUPRC 0.9861
----- AUROC Performance in Each Relation -----
('gene/protein', 'molfunc_protein', 'molecular_function'): 0.9988675980571347
('molecular_function', 'rev_molfunc_protein', 'gene/protein'): 0.9797818164042256
----- AUPRC Performance in Each Relation -----
('gene/protein', 'molfunc_protein', 'molecular_function'): 0.998121852865358
('molecular_function', 'rev_molfunc_protein', 'gene/protein'): 0.9740843291860902
----------------------------------------------
Epoch: 430 LR: 0.00002 Loss 0.0931, Train Micro AUROC 0.9934 Train Micro AUPRC 0.9913 Train Macro AUROC 0.9896 Train Macro AUPRC 0.9867
----- AUROC Performance in Each Relation -----
('gene/protein', 'molfunc_protein', 'molecular_function'): 0.9988395402243132
('molecular_function', 'rev_molfunc_protein', 'gene/protein'): 0.9804394764749245
----- AUPRC Performance in Each Relation -----
('gene/protein', 'molfunc_protein', 'molecular_function'): 0.9981000169539536
('molecular_function', 'rev_molfunc_protein', 'gene/protein'): 0.9753197532129301
----------------------------------------------
Epoch: 435 LR: 0.00002 Loss 0.0926, Train Micro AUROC 0.9935 Train Micro AUPRC 0.9916 Train Macro AUROC 0.9897 Train Macro AUPRC 0.9870
----- AUROC Performance in Each Relation -----
('gene/protein', 'molfunc_protein', 'molecular_function'): 0.9989880479352892
('molecular_function', 'rev_molfunc_protein', 'gene/protein'): 0.9804148193375357
----- AUPRC Performance in Each Relation -----
('gene/protein', 'molfunc_protein', 'molecular_function'): 0.9983753404265527
('molecular_function', 'rev_molfunc_protein', 'gene/protein'): 0.9756539168592573
----------------------------------------------
Epoch: 440 LR: 0.00002 Loss 0.0940, Train Micro AUROC 0.9934 Train Micro AUPRC 0.9913 Train Macro AUROC 0.9897 Train Macro AUPRC 0.9867
----- AUROC Performance in Each Relation -----
('gene/protein', 'molfunc_protein', 'molecular_function'): 0.9990533490708857
('molecular_function', 'rev_molfunc_protein', 'gene/protein'): 0.980427419123665
----- AUPRC Performance in Each Relation -----
('gene/protein', 'molfunc_protein', 'molecular_function'): 0.9984888636137444
('molecular_function', 'rev_molfunc_protein', 'gene/protein'): 0.9749225197052892
----------------------------------------------
Epoch: 445 LR: 0.00002 Loss 0.0937, Train Micro AUROC 0.9932 Train Micro AUPRC 0.9910 Train Macro AUROC 0.9894 Train Macro AUPRC 0.9863
----- AUROC Performance in Each Relation -----
('gene/protein', 'molfunc_protein', 'molecular_function'): 0.9989269319601242
('molecular_function', 'rev_molfunc_protein', 'gene/protein'): 0.9798191375398183
----- AUPRC Performance in Each Relation -----
('gene/protein', 'molfunc_protein', 'molecular_function'): 0.9982581946525049
('molecular_function', 'rev_molfunc_protein', 'gene/protein'): 0.9742454622553048
----------------------------------------------
Epoch: 450 LR: 0.00001 Loss 0.0940, Train Micro AUROC 0.9934 Train Micro AUPRC 0.9913 Train Macro AUROC 0.9896 Train Macro AUPRC 0.9866
----- AUROC Performance in Each Relation -----
('gene/protein', 'molfunc_protein', 'molecular_function'): 0.9990694442989361
('molecular_function', 'rev_molfunc_protein', 'gene/protein'): 0.9802202574991075
----- AUPRC Performance in Each Relation -----
('gene/protein', 'molfunc_protein', 'molecular_function'): 0.998399585835823
('molecular_function', 'rev_molfunc_protein', 'gene/protein'): 0.9747596428477385
----------------------------------------------
Validation.....
Epoch: 450 LR: 0.00001 Validation Loss 0.9605,  Validation Micro AUROC 0.8897 Validation Micro AUPRC 0.8842 Validation Macro AUROC 0.8775 Validation Macro AUPRC 0.8677 (Best Macro AUROC 0.9028)
----- AUROC Performance in Each Relation -----
('gene/protein', 'molfunc_protein', 'molecular_function'): 0.9482600404127142
('molecular_function', 'rev_molfunc_protein', 'gene/protein'): 0.8066562083640735
----- AUPRC Performance in Each Relation -----
('gene/protein', 'molfunc_protein', 'molecular_function'): 0.9466132884987328
('molecular_function', 'rev_molfunc_protein', 'gene/protein'): 0.7887341461035914
----------------------------------------------
Epoch: 455 LR: 0.00001 Loss 0.0926, Train Micro AUROC 0.9936 Train Micro AUPRC 0.9917 Train Macro AUROC 0.9899 Train Macro AUPRC 0.9871
----- AUROC Performance in Each Relation -----
('gene/protein', 'molfunc_protein', 'molecular_function'): 0.9990936546460137
('molecular_function', 'rev_molfunc_protein', 'gene/protein'): 0.9806844551199326
----- AUPRC Performance in Each Relation -----
('gene/protein', 'molfunc_protein', 'molecular_function'): 0.9985008541902374
('molecular_function', 'rev_molfunc_protein', 'gene/protein'): 0.9757386723297357
----------------------------------------------
Epoch: 460 LR: 0.00001 Loss 0.0922, Train Micro AUROC 0.9933 Train Micro AUPRC 0.9913 Train Macro AUROC 0.9895 Train Macro AUPRC 0.9865
----- AUROC Performance in Each Relation -----
('gene/protein', 'molfunc_protein', 'molecular_function'): 0.9989799896940906
('molecular_function', 'rev_molfunc_protein', 'gene/protein'): 0.9800358285955132
----- AUPRC Performance in Each Relation -----
('gene/protein', 'molfunc_protein', 'molecular_function'): 0.9983736426220682
('molecular_function', 'rev_molfunc_protein', 'gene/protein'): 0.9746316951727234
----------------------------------------------
Epoch: 465 LR: 0.00001 Loss 0.0916, Train Micro AUROC 0.9935 Train Micro AUPRC 0.9915 Train Macro AUROC 0.9897 Train Macro AUPRC 0.9869
----- AUROC Performance in Each Relation -----
('gene/protein', 'molfunc_protein', 'molecular_function'): 0.9989508531283471
('molecular_function', 'rev_molfunc_protein', 'gene/protein'): 0.980548970485873
----- AUPRC Performance in Each Relation -----
('gene/protein', 'molfunc_protein', 'molecular_function'): 0.9983655231182589
('molecular_function', 'rev_molfunc_protein', 'gene/protein'): 0.975493941346768
----------------------------------------------
Epoch: 470 LR: 0.00001 Loss 0.0929, Train Micro AUROC 0.9934 Train Micro AUPRC 0.9913 Train Macro AUROC 0.9896 Train Macro AUPRC 0.9866
----- AUROC Performance in Each Relation -----
('gene/protein', 'molfunc_protein', 'molecular_function'): 0.9989733110395915
('molecular_function', 'rev_molfunc_protein', 'gene/protein'): 0.9803189534039852
----- AUPRC Performance in Each Relation -----
('gene/protein', 'molfunc_protein', 'molecular_function'): 0.998358684561928
('molecular_function', 'rev_molfunc_protein', 'gene/protein'): 0.9749008767489106
----------------------------------------------
Epoch: 475 LR: 0.00001 Loss 0.0916, Train Micro AUROC 0.9934 Train Micro AUPRC 0.9915 Train Macro AUROC 0.9897 Train Macro AUPRC 0.9869
----- AUROC Performance in Each Relation -----
('gene/protein', 'molfunc_protein', 'molecular_function'): 0.9989061778392019
('molecular_function', 'rev_molfunc_protein', 'gene/protein'): 0.9804584974685395
----- AUPRC Performance in Each Relation -----
('gene/protein', 'molfunc_protein', 'molecular_function'): 0.9982857808359943
('molecular_function', 'rev_molfunc_protein', 'gene/protein'): 0.9754167311821134
----------------------------------------------
Epoch: 480 LR: 0.00001 Loss 0.0909, Train Micro AUROC 0.9936 Train Micro AUPRC 0.9917 Train Macro AUROC 0.9898 Train Macro AUPRC 0.9870
----- AUROC Performance in Each Relation -----
('gene/protein', 'molfunc_protein', 'molecular_function'): 0.9991099880125516
('molecular_function', 'rev_molfunc_protein', 'gene/protein'): 0.9804264535476862
----- AUPRC Performance in Each Relation -----
('gene/protein', 'molfunc_protein', 'molecular_function'): 0.9987075341001903
('molecular_function', 'rev_molfunc_protein', 'gene/protein'): 0.9753159477105972
----------------------------------------------
Epoch: 485 LR: 0.00001 Loss 0.0934, Train Micro AUROC 0.9934 Train Micro AUPRC 0.9914 Train Macro AUROC 0.9896 Train Macro AUPRC 0.9868
----- AUROC Performance in Each Relation -----
('gene/protein', 'molfunc_protein', 'molecular_function'): 0.9989580118017837
('molecular_function', 'rev_molfunc_protein', 'gene/protein'): 0.9802056539669497
----- AUPRC Performance in Each Relation -----
('gene/protein', 'molfunc_protein', 'molecular_function'): 0.9982950482692263
('molecular_function', 'rev_molfunc_protein', 'gene/protein'): 0.9752096840367083
----------------------------------------------
Epoch: 490 LR: 0.00001 Loss 0.0928, Train Micro AUROC 0.9936 Train Micro AUPRC 0.9917 Train Macro AUROC 0.9899 Train Macro AUPRC 0.9873
----- AUROC Performance in Each Relation -----
('gene/protein', 'molfunc_protein', 'molecular_function'): 0.9989123413003173
('molecular_function', 'rev_molfunc_protein', 'gene/protein'): 0.9808340803305612
----- AUPRC Performance in Each Relation -----
('gene/protein', 'molfunc_protein', 'molecular_function'): 0.998262381142771
('molecular_function', 'rev_molfunc_protein', 'gene/protein'): 0.9762847797362507
----------------------------------------------
Epoch: 495 LR: 0.00001 Loss 0.0915, Train Micro AUROC 0.9935 Train Micro AUPRC 0.9915 Train Macro AUROC 0.9898 Train Macro AUPRC 0.9870
----- AUROC Performance in Each Relation -----
('gene/protein', 'molfunc_protein', 'molecular_function'): 0.998966032324001
('molecular_function', 'rev_molfunc_protein', 'gene/protein'): 0.9805843356228777
----- AUPRC Performance in Each Relation -----
('gene/protein', 'molfunc_protein', 'molecular_function'): 0.9984408271790707
('molecular_function', 'rev_molfunc_protein', 'gene/protein'): 0.9754664426377848
----------------------------------------------
Testing...
Testing Loss 0.4272 Testing Micro AUROC 0.9058 Testing Micro AUPRC 0.9045 Testing Macro AUROC 0.8986 Testing Macro AUPRC 0.8928
----- AUROC Performance in Each Relation -----
('gene/protein', 'molfunc_protein', 'molecular_function'): 0.94949528974616
('molecular_function', 'rev_molfunc_protein', 'gene/protein'): 0.8476767288697378
----- AUPRC Performance in Each Relation -----
('gene/protein', 'molfunc_protein', 'molecular_function'): 0.9493185113889471
('molecular_function', 'rev_molfunc_protein', 'gene/protein'): 0.8362908216671868
----------------------------------------------
[2023-11-25 17:01:06] Finetune done! 
